\BOOKMARK [0][-]{Doc-Start}{\376\377\000L\000E\000M\000B\000A\000R\000\040\000P\000E\000R\000N\000Y\000A\000T\000A\000A\000N}{}% 1
\BOOKMARK [0][-]{Doc-Start}{\376\377\000H\000A\000L\000A\000M\000A\000N\000\040\000P\000E\000R\000S\000E\000M\000B\000A\000H\000A\000N}{}% 2
\BOOKMARK [0][-]{chapter*.1}{\376\377\000K\000A\000T\000A\000\040\000P\000E\000N\000G\000A\000N\000T\000A\000R}{}% 3
\BOOKMARK [0][-]{Item.6}{\376\377\000A\000B\000S\000T\000R\000A\000K}{}% 4
\BOOKMARK [0][-]{chapter*.3}{\376\377\000A\000B\000S\000T\000R\000A\000C\000T}{}% 5
\BOOKMARK [0][-]{chapter*.4}{\376\377\000D\000A\000F\000T\000A\000R\000\040\000I\000S\000I}{}% 6
\BOOKMARK [0][-]{chapter*.5}{\376\377\000D\000A\000F\000T\000A\000R\000\040\000G\000A\000M\000B\000A\000R}{}% 7
\BOOKMARK [0][-]{chapter*.6}{\376\377\000D\000A\000F\000T\000A\000R\000\040\000T\000A\000B\000E\000L}{}% 8
\BOOKMARK [0][-]{chapter.1}{\376\377\000P\000E\000N\000D\000A\000H\000U\000L\000U\000A\000N}{}% 9
\BOOKMARK [1][-]{section.1.1}{\376\377\000L\000a\000t\000a\000r\000\040\000B\000e\000l\000a\000k\000a\000n\000g\000\040\000M\000a\000s\000a\000l\000a\000h}{chapter.1}% 10
\BOOKMARK [1][-]{section.1.2}{\376\377\000R\000u\000m\000u\000s\000a\000n\000\040\000M\000a\000s\000a\000l\000a\000h}{chapter.1}% 11
\BOOKMARK [1][-]{section.1.3}{\376\377\000P\000e\000m\000b\000a\000t\000a\000s\000a\000n\000\040\000M\000a\000s\000a\000l\000a\000h}{chapter.1}% 12
\BOOKMARK [1][-]{section.1.4}{\376\377\000T\000u\000j\000u\000a\000n\000\040\000P\000e\000n\000e\000l\000i\000t\000i\000a\000n}{chapter.1}% 13
\BOOKMARK [1][-]{section.1.5}{\376\377\000M\000a\000n\000f\000a\000a\000t\000\040\000P\000e\000n\000e\000l\000i\000t\000i\000a\000n}{chapter.1}% 14
\BOOKMARK [0][-]{chapter.2}{\376\377\000K\000A\000J\000I\000A\000N\000\040\000P\000U\000S\000T\000A\000K\000A}{}% 15
\BOOKMARK [1][-]{section.2.1}{\376\377\000W\000o\000r\000l\000d\000\040\000W\000i\000d\000e\000\040\000W\000e\000b\000\040\000\050\000W\000W\000W\000\051}{chapter.2}% 16
\BOOKMARK [1][-]{section.2.2}{\376\377\000S\000e\000a\000r\000c\000h\000\040\000E\000n\000g\000i\000n\000e}{chapter.2}% 17
\BOOKMARK [1][-]{section.2.3}{\376\377\000T\000e\000o\000r\000i\000\040\000G\000r\000a\000f}{chapter.2}% 18
\BOOKMARK [1][-]{section.2.4}{\376\377\000P\000a\000g\000e\000r\000a\000n\000k}{chapter.2}% 19
\BOOKMARK [1][-]{section.2.5}{\376\377\000D\000i\000s\000t\000r\000i\000b\000u\000t\000e\000d\000\040\000P\000a\000g\000e\000r\000a\000n\000k\000\040\000C\000o\000m\000p\000u\000t\000a\000t\000i\000o\000n\000\040\000\050\000D\000P\000C\000\051}{chapter.2}% 20
\BOOKMARK [2][-]{subsection.2.5.1}{\376\377\000A\000l\000g\000o\000r\000i\000t\000m\000a\000\040\000P\000a\000g\000e\000r\000a\000n\000k\000\040\000v\000e\000r\000s\000i\000\040\000D\000P\000C}{section.2.5}% 21
\BOOKMARK [2][-]{subsection.2.5.2}{\376\377\000A\000l\000g\000o\000r\000i\000t\000m\000a\000\040\000I\000A\000D}{section.2.5}% 22
\BOOKMARK [2][-]{subsection.2.5.3}{\376\377\000A\000l\000g\000o\000r\000i\000t\000m\000a\000\040\000D\000P\000C}{section.2.5}% 23
\BOOKMARK [2][-]{subsection.2.5.4}{\376\377\000C\000o\000n\000t\000o\000h\000\040\000N\000i\000l\000a\000i\000\040\000d\000a\000r\000i\000\040\000t\000i\000a\000p\000\040\000s\000i\000m\000b\000o\000l\000\040\000a\000l\000g\000o\000r\000i\000t\000m\000a\000\040\000D\000P\000C}{section.2.5}% 24
\BOOKMARK [2][-]{subsection.2.5.5}{\376\377\000A\000n\000a\000l\000i\000s\000i\000s\000\040\000K\000o\000n\000v\000e\000r\000g\000e\000n}{section.2.5}% 25
\BOOKMARK [2][-]{subsection.2.5.6}{\376\377\000C\000o\000m\000m\000u\000n\000i\000c\000a\000t\000i\000o\000n\000\040\000O\000v\000e\000r\000h\000e\000a\000d}{section.2.5}% 26
\BOOKMARK [0][-]{chapter.3}{\376\377\000M\000E\000T\000O\000D\000O\000L\000O\000G\000I\000\040\000P\000E\000N\000E\000L\000I\000T\000I\000A\000N}{}% 27
\BOOKMARK [1][-]{section.3.1}{\376\377\000T\000a\000h\000a\000p\000a\000n\000\040\000P\000e\000n\000e\000l\000i\000t\000i\000a\000n}{chapter.3}% 28
\BOOKMARK [1][-]{section.3.2}{\376\377\000P\000e\000n\000g\000u\000m\000p\000u\000l\000a\000n\000\040\000D\000a\000t\000a\000s\000e\000t}{chapter.3}% 29
\BOOKMARK [1][-]{section.3.3}{\376\377\000K\000e\000l\000e\000m\000a\000h\000a\000n\000\040\000A\000l\000g\000o\000r\000i\000t\000m\000a\000\040\000P\000a\000g\000e\000r\000a\000n\000k\000\040\000O\000r\000i\000g\000i\000n\000a\000l}{chapter.3}% 30
\BOOKMARK [1][-]{section.3.4}{\376\377\000P\000e\000n\000j\000e\000l\000a\000s\000a\000n\000\040\000L\000a\000n\000j\000u\000t\000\040\000A\000l\000g\000o\000r\000i\000t\000m\000a\000\040\000D\000P\000C}{chapter.3}% 31
\BOOKMARK [1][-]{section.3.5}{\376\377\000K\000e\000l\000e\000m\000a\000h\000a\000n\000\040\000A\000l\000g\000o\000r\000i\000t\000m\000a\000\040\000D\000P\000C}{chapter.3}% 32
\BOOKMARK [1][-]{section.3.6}{\376\377\000A\000l\000g\000o\000r\000i\000t\000m\000a\000\040\000M\000o\000d\000i\000f\000i\000e\000d\000\040\000D\000P\000C}{chapter.3}% 33
\BOOKMARK [1][-]{section.3.7}{\376\377\000A\000l\000g\000o\000r\000i\000t\000m\000a\000\040\000R\000a\000n\000d\000o\000m\000\040\000W\000a\000l\000k\000e\000r}{chapter.3}% 34
\BOOKMARK [1][-]{section.3.8}{\376\377\000A\000l\000a\000t\000\040\000d\000a\000n\000\040\000B\000a\000h\000a\000n\000\040\000P\000e\000n\000e\000l\000i\000t\000i\000a\000n}{chapter.3}% 35
\BOOKMARK [1][-]{section.3.9}{\376\377\000T\000a\000h\000a\000p\000a\000n\000\040\000P\000e\000n\000g\000e\000m\000b\000a\000n\000g\000a\000n}{chapter.3}% 36
\BOOKMARK [1][-]{section.3.10}{\376\377\000M\000e\000t\000o\000d\000e\000\040\000P\000e\000r\000b\000a\000n\000d\000i\000n\000g\000a\000n}{chapter.3}% 37
\BOOKMARK [0][-]{chapter.4}{\376\377\000H\000A\000S\000I\000L\000\040\000D\000A\000N\000\040\000P\000E\000M\000B\000A\000H\000A\000S\000A\000N}{}% 38
\BOOKMARK [1][-]{section.4.1}{\376\377\000P\000e\000n\000g\000k\000o\000d\000e\000a\000n}{chapter.4}% 39
\BOOKMARK [2][-]{subsection.4.1.1}{\376\377\000S\000h\000a\000r\000e\000d\000\040\000C\000o\000d\000e}{section.4.1}% 40
\BOOKMARK [2][-]{subsection.4.1.2}{\376\377\000P\000r\000o\000g\000r\000a\000m\000\040\000P\000a\000g\000e\000r\000a\000n\000k}{section.4.1}% 41
\BOOKMARK [2][-]{subsection.4.1.3}{\376\377\000P\000r\000o\000g\000r\000a\000m\000\040\000D\000P\000C}{section.4.1}% 42
\BOOKMARK [2][-]{subsection.4.1.4}{\376\377\000P\000r\000o\000g\000r\000a\000m\000\040\000M\000D\000P\000C}{section.4.1}% 43
\BOOKMARK [2][-]{subsection.4.1.5}{\376\377\000P\000r\000o\000g\000r\000a\000m\000\040\000R\000a\000n\000d\000o\000m\000\040\000W\000a\000l\000k\000e\000r}{section.4.1}% 44
\BOOKMARK [1][-]{section.4.2}{\376\377\000H\000a\000s\000i\000l}{chapter.4}% 45
\BOOKMARK [0][-]{chapter.5}{\376\377\000K\000E\000S\000I\000M\000P\000U\000L\000A\000N\000\040\000D\000A\000N\000\040\000S\000A\000R\000A\000N}{}% 46
\BOOKMARK [1][-]{section.5.1}{\376\377\000K\000e\000s\000i\000m\000p\000u\000l\000a\000n}{chapter.5}% 47
\BOOKMARK [1][-]{section.5.2}{\376\377\000S\000a\000r\000a\000n}{chapter.5}% 48
\BOOKMARK [0][-]{chapter*.56}{\376\377\000D\000A\000F\000T\000A\000R\000\040\000P\000U\000S\000T\000A\000K\000A}{}% 49
\BOOKMARK [0][-]{chapter*.56}{\376\377\000L\000A\000M\000P\000I\000R\000A\000N\000\040\000K\000O\000D\000E\000\040\000P\000R\000O\000G\000R\000A\000M}{}% 50
\BOOKMARK [0][-]{lstnumber.5.25.41}{\376\377\000D\000A\000F\000T\000A\000R\000\040\000R\000I\000W\000A\000Y\000A\000T\000\040\000H\000I\000D\000U\000P}{}% 51
