This is pdfTeX, Version 3.141592653-2.6-1.40.24 (TeX Live 2022) (preloaded format=pdflatex 2022.9.28)  24 JAN 2024 22:53
entering extended mode
 restricted \write18 enabled.
 %&-line parsing enabled.
**template-skripsi.tex
(./template-skripsi.tex
LaTeX2e <2021-11-15> patch level 1
L3 programming layer <2022-02-24> (./jtetiskripsi.cls
Document Class: jtetiskripsi 
(/usr/local/texlive/2022/texmf-dist/tex/generic/babel/babel.sty
Package: babel 2022/02/26 3.73 The Babel package
\babel@savecnt=\count185
\U@D=\dimen138
\l@unhyphenated=\language87

(/usr/local/texlive/2022/texmf-dist/tex/generic/babel/txtbabel.def)
\bbl@readstream=\read2
\bbl@dirlevel=\count186

(/usr/local/texlive/2022/texmf-dist/tex/generic/babel-english/english.ldf
Language: english 2017/06/06 v3.3r English support from the babel system
Package babel Info: Hyphen rules for 'canadian' set to \l@english
(babel)             (\language0). Reported on input line 102.
Package babel Info: Hyphen rules for 'australian' set to \l@ukenglish
(babel)             (\language21). Reported on input line 105.
Package babel Info: Hyphen rules for 'newzealand' set to \l@ukenglish
(babel)             (\language21). Reported on input line 108.
)
(/usr/local/texlive/2022/texmf-dist/tex/generic/babel-indonesian/bahasa.ldf
Language: bahasa 2017/02/15 v1.0m Bahasa Indonesia support from the babel syste
m

(/usr/local/texlive/2022/texmf-dist/tex/generic/babel-indonesian/indonesian.ldf
Language: indonesian 2017/02/15 v1.0m Bahasa Indonesia support from the babel s
ystem
))) (/usr/local/texlive/2022/texmf-dist/tex/latex/tools/indentfirst.sty
Package: indentfirst 1995/11/23 v1.03 Indent first paragraph (DPC)
)
(/usr/local/texlive/2022/texmf-dist/tex/latex/setspace/setspace.sty
Package: setspace 2011/12/19 v6.7a set line spacing
)
(/usr/local/texlive/2022/texmf-dist/tex/latex/base/fontenc.sty
Package: fontenc 2021/04/29 v2.0v Standard LaTeX package
)
(/usr/local/texlive/2022/texmf-dist/tex/latex/psnfss/times.sty
Package: times 2020/03/25 PSNFSS-v9.3 (SPQR) 
)
(/usr/local/texlive/2022/texmf-dist/tex/latex/graphics/graphicx.sty
Package: graphicx 2021/09/16 v1.2d Enhanced LaTeX Graphics (DPC,SPQR)

(/usr/local/texlive/2022/texmf-dist/tex/latex/graphics/keyval.sty
Package: keyval 2014/10/28 v1.15 key=value parser (DPC)
\KV@toks@=\toks16
)
(/usr/local/texlive/2022/texmf-dist/tex/latex/graphics/graphics.sty
Package: graphics 2021/03/04 v1.4d Standard LaTeX Graphics (DPC,SPQR)

(/usr/local/texlive/2022/texmf-dist/tex/latex/graphics/trig.sty
Package: trig 2021/08/11 v1.11 sin cos tan (DPC)
)
(/usr/local/texlive/2022/texmf-dist/tex/latex/graphics-cfg/graphics.cfg
File: graphics.cfg 2016/06/04 v1.11 sample graphics configuration
)
Package graphics Info: Driver file: pdftex.def on input line 107.

(/usr/local/texlive/2022/texmf-dist/tex/latex/graphics-def/pdftex.def
File: pdftex.def 2020/10/05 v1.2a Graphics/color driver for pdftex
))
\Gin@req@height=\dimen139
\Gin@req@width=\dimen140
)
(/usr/local/texlive/2022/texmf-dist/tex/latex/base/latexsym.sty
Package: latexsym 1998/08/17 v2.2e Standard LaTeX package (lasy symbols)
\symlasy=\mathgroup4
LaTeX Font Info:    Overwriting symbol font `lasy' in version `bold'
(Font)                  U/lasy/m/n --> U/lasy/b/n on input line 52.
)
(/usr/local/texlive/2022/texmf-dist/tex/latex/geometry/geometry.sty
Package: geometry 2020/01/02 v5.9 Page Geometry

(/usr/local/texlive/2022/texmf-dist/tex/generic/iftex/ifvtex.sty
Package: ifvtex 2019/10/25 v1.7 ifvtex legacy package. Use iftex instead.

(/usr/local/texlive/2022/texmf-dist/tex/generic/iftex/iftex.sty
Package: iftex 2022/02/03 v1.0f TeX engine tests
))
\Gm@cnth=\count187
\Gm@cntv=\count188
\c@Gm@tempcnt=\count189
\Gm@bindingoffset=\dimen141
\Gm@wd@mp=\dimen142
\Gm@odd@mp=\dimen143
\Gm@even@mp=\dimen144
\Gm@layoutwidth=\dimen145
\Gm@layoutheight=\dimen146
\Gm@layouthoffset=\dimen147
\Gm@layoutvoffset=\dimen148
\Gm@dimlist=\toks17
)
(/usr/local/texlive/2022/texmf-dist/tex/latex/tools/verbatim.sty
Package: verbatim 2020-07-07 v1.5u LaTeX2e package for verbatim enhancements
\every@verbatim=\toks18
\verbatim@line=\toks19
\verbatim@in@stream=\read3
)
(/usr/local/texlive/2022/texmf-dist/tex/latex/tools/enumerate.sty
Package: enumerate 2015/07/23 v3.00 enumerate extensions (DPC)
\@enLab=\toks20
)
(/usr/local/texlive/2022/texmf-dist/tex/latex/booktabs/booktabs.sty
Package: booktabs 2020/01/12 v1.61803398 Publication quality tables
\heavyrulewidth=\dimen149
\lightrulewidth=\dimen150
\cmidrulewidth=\dimen151
\belowrulesep=\dimen152
\belowbottomsep=\dimen153
\aboverulesep=\dimen154
\abovetopsep=\dimen155
\cmidrulesep=\dimen156
\cmidrulekern=\dimen157
\defaultaddspace=\dimen158
\@cmidla=\count190
\@cmidlb=\count191
\@aboverulesep=\dimen159
\@belowrulesep=\dimen160
\@thisruleclass=\count192
\@lastruleclass=\count193
\@thisrulewidth=\dimen161
)
(/usr/local/texlive/2022/texmf-dist/tex/latex/xcolor/xcolor.sty
Package: xcolor 2021/10/31 v2.13 LaTeX color extensions (UK)

(/usr/local/texlive/2022/texmf-dist/tex/latex/graphics-cfg/color.cfg
File: color.cfg 2016/01/02 v1.6 sample color configuration
)
Package xcolor Info: Driver file: pdftex.def on input line 227.

(/usr/local/texlive/2022/texmf-dist/tex/latex/colortbl/colortbl.sty
Package: colortbl 2020/01/04 v1.0e Color table columns (DPC)

(/usr/local/texlive/2022/texmf-dist/tex/latex/tools/array.sty
Package: array 2021/10/04 v2.5f Tabular extension package (FMi)
\col@sep=\dimen162
\ar@mcellbox=\box50
\extrarowheight=\dimen163
\NC@list=\toks21
\extratabsurround=\skip47
\backup@length=\skip48
\ar@cellbox=\box51
)
\everycr=\toks22
\minrowclearance=\skip49
)
\rownum=\count194
Package xcolor Info: Model `cmy' substituted by `cmy0' on input line 1352.
Package xcolor Info: Model `hsb' substituted by `rgb' on input line 1356.
Package xcolor Info: Model `RGB' extended on input line 1368.
Package xcolor Info: Model `HTML' substituted by `rgb' on input line 1370.
Package xcolor Info: Model `Hsb' substituted by `hsb' on input line 1371.
Package xcolor Info: Model `tHsb' substituted by `hsb' on input line 1372.
Package xcolor Info: Model `HSB' substituted by `hsb' on input line 1373.
Package xcolor Info: Model `Gray' substituted by `gray' on input line 1374.
Package xcolor Info: Model `wave' substituted by `hsb' on input line 1375.
)
(/usr/local/texlive/2022/texmf-dist/tex/latex/multirow/multirow.sty
Package: multirow 2021/03/15 v2.8 Span multiple rows of a table
\multirow@colwidth=\skip50
\multirow@cntb=\count195
\multirow@dima=\skip51
\bigstrutjot=\dimen164
)
(/usr/local/texlive/2022/texmf-dist/tex/latex/float/float.sty
Package: float 2001/11/08 v1.3d Float enhancements (AL)
\c@float@type=\count196
\float@exts=\toks23
\float@box=\box52
\@float@everytoks=\toks24
\@floatcapt=\box53
)
(/usr/local/texlive/2022/texmf-dist/tex/latex/base/report.cls
Document Class: report 2021/10/04 v1.4n Standard LaTeX document class
(/usr/local/texlive/2022/texmf-dist/tex/latex/base/size12.clo
File: size12.clo 2021/10/04 v1.4n Standard LaTeX file (size option)
)
\c@part=\count197
\c@chapter=\count198
\c@section=\count199
\c@subsection=\count266
\c@subsubsection=\count267
\c@paragraph=\count268
\c@subparagraph=\count269
\c@figure=\count270
\c@table=\count271
\abovecaptionskip=\skip52
\belowcaptionskip=\skip53
\bibindent=\dimen165
))
(/usr/local/texlive/2022/texmf-dist/tex/latex/tocloft/tocloft.sty
Package: tocloft 2017/08/31 v2.3i parameterised ToC, etc., typesetting
Package tocloft Info: The document has chapter divisions on input line 51.
\cftparskip=\skip54
\cftbeforetoctitleskip=\skip55
\cftaftertoctitleskip=\skip56
\cftbeforepartskip=\skip57
\cftpartnumwidth=\skip58
\cftpartindent=\skip59
\cftbeforechapskip=\skip60
\cftchapindent=\skip61
\cftchapnumwidth=\skip62
\cftbeforesecskip=\skip63
\cftsecindent=\skip64
\cftsecnumwidth=\skip65
\cftbeforesubsecskip=\skip66
\cftsubsecindent=\skip67
\cftsubsecnumwidth=\skip68
\cftbeforesubsubsecskip=\skip69
\cftsubsubsecindent=\skip70
\cftsubsubsecnumwidth=\skip71
\cftbeforeparaskip=\skip72
\cftparaindent=\skip73
\cftparanumwidth=\skip74
\cftbeforesubparaskip=\skip75
\cftsubparaindent=\skip76
\cftsubparanumwidth=\skip77
\cftbeforeloftitleskip=\skip78
\cftafterloftitleskip=\skip79
\cftbeforefigskip=\skip80
\cftfigindent=\skip81
\cftfignumwidth=\skip82
\c@lofdepth=\count272
\c@lotdepth=\count273
\cftbeforelottitleskip=\skip83
\cftafterlottitleskip=\skip84
\cftbeforetabskip=\skip85
\cfttabindent=\skip86
\cfttabnumwidth=\skip87
)
(/usr/local/texlive/2022/texmf-dist/tex/latex/hyperref/hyperref.sty
Package: hyperref 2022-02-21 v7.00n Hypertext links for LaTeX

(/usr/local/texlive/2022/texmf-dist/tex/generic/ltxcmds/ltxcmds.sty
Package: ltxcmds 2020-05-10 v1.25 LaTeX kernel commands for general use (HO)
)
(/usr/local/texlive/2022/texmf-dist/tex/generic/pdftexcmds/pdftexcmds.sty
Package: pdftexcmds 2020-06-27 v0.33 Utility functions of pdfTeX for LuaTeX (HO
)

(/usr/local/texlive/2022/texmf-dist/tex/generic/infwarerr/infwarerr.sty
Package: infwarerr 2019/12/03 v1.5 Providing info/warning/error messages (HO)
)
Package pdftexcmds Info: \pdf@primitive is available.
Package pdftexcmds Info: \pdf@ifprimitive is available.
Package pdftexcmds Info: \pdfdraftmode found.
)
(/usr/local/texlive/2022/texmf-dist/tex/generic/kvsetkeys/kvsetkeys.sty
Package: kvsetkeys 2019/12/15 v1.18 Key value parser (HO)
)
(/usr/local/texlive/2022/texmf-dist/tex/generic/kvdefinekeys/kvdefinekeys.sty
Package: kvdefinekeys 2019-12-19 v1.6 Define keys (HO)
)
(/usr/local/texlive/2022/texmf-dist/tex/generic/pdfescape/pdfescape.sty
Package: pdfescape 2019/12/09 v1.15 Implements pdfTeX's escape features (HO)
)
(/usr/local/texlive/2022/texmf-dist/tex/latex/hycolor/hycolor.sty
Package: hycolor 2020-01-27 v1.10 Color options for hyperref/bookmark (HO)
)
(/usr/local/texlive/2022/texmf-dist/tex/latex/letltxmacro/letltxmacro.sty
Package: letltxmacro 2019/12/03 v1.6 Let assignment for LaTeX macros (HO)
)
(/usr/local/texlive/2022/texmf-dist/tex/latex/auxhook/auxhook.sty
Package: auxhook 2019-12-17 v1.6 Hooks for auxiliary files (HO)
)
(/usr/local/texlive/2022/texmf-dist/tex/latex/kvoptions/kvoptions.sty
Package: kvoptions 2020-10-07 v3.14 Key value format for package options (HO)
)
\@linkdim=\dimen166
\Hy@linkcounter=\count274
\Hy@pagecounter=\count275

(/usr/local/texlive/2022/texmf-dist/tex/latex/hyperref/pd1enc.def
File: pd1enc.def 2022-02-21 v7.00n Hyperref: PDFDocEncoding definition (HO)
Now handling font encoding PD1 ...
... no UTF-8 mapping file for font encoding PD1
)
(/usr/local/texlive/2022/texmf-dist/tex/generic/intcalc/intcalc.sty
Package: intcalc 2019/12/15 v1.3 Expandable calculations with integers (HO)
)
(/usr/local/texlive/2022/texmf-dist/tex/generic/etexcmds/etexcmds.sty
Package: etexcmds 2019/12/15 v1.7 Avoid name clashes with e-TeX commands (HO)
)
\Hy@SavedSpaceFactor=\count276

(/usr/local/texlive/2022/texmf-dist/tex/latex/hyperref/puenc.def
File: puenc.def 2022-02-21 v7.00n Hyperref: PDF Unicode definition (HO)
Now handling font encoding PU ...
... no UTF-8 mapping file for font encoding PU
)
Package hyperref Info: Hyper figures OFF on input line 4137.
Package hyperref Info: Link nesting OFF on input line 4142.
Package hyperref Info: Hyper index ON on input line 4145.
Package hyperref Info: Plain pages OFF on input line 4152.
Package hyperref Info: Backreferencing OFF on input line 4157.
Package hyperref Info: Implicit mode ON; LaTeX internals redefined.
Package hyperref Info: Bookmarks ON on input line 4390.
\c@Hy@tempcnt=\count277

(/usr/local/texlive/2022/texmf-dist/tex/latex/url/url.sty
\Urlmuskip=\muskip16
Package: url 2013/09/16  ver 3.4  Verb mode for urls, etc.
)
LaTeX Info: Redefining \url on input line 4749.
\XeTeXLinkMargin=\dimen167

(/usr/local/texlive/2022/texmf-dist/tex/generic/bitset/bitset.sty
Package: bitset 2019/12/09 v1.3 Handle bit-vector datatype (HO)

(/usr/local/texlive/2022/texmf-dist/tex/generic/bigintcalc/bigintcalc.sty
Package: bigintcalc 2019/12/15 v1.5 Expandable calculations on big integers (HO
)
))
\Fld@menulength=\count278
\Field@Width=\dimen168
\Fld@charsize=\dimen169
Package hyperref Info: Hyper figures OFF on input line 6027.
Package hyperref Info: Link nesting OFF on input line 6032.
Package hyperref Info: Hyper index ON on input line 6035.
Package hyperref Info: backreferencing OFF on input line 6042.
Package hyperref Info: Link coloring OFF on input line 6047.
Package hyperref Info: Link coloring with OCG OFF on input line 6052.
Package hyperref Info: PDF/A mode OFF on input line 6057.
LaTeX Info: Redefining \ref on input line 6097.
LaTeX Info: Redefining \pageref on input line 6101.

(/usr/local/texlive/2022/texmf-dist/tex/latex/base/atbegshi-ltx.sty
Package: atbegshi-ltx 2021/01/10 v1.0c Emulation of the original atbegshi
package with kernel methods
)
\Hy@abspage=\count279
\c@Item=\count280
\c@Hfootnote=\count281
)
Package hyperref Info: Driver (autodetected): hpdftex.

(/usr/local/texlive/2022/texmf-dist/tex/latex/hyperref/hpdftex.def
File: hpdftex.def 2022-02-21 v7.00n Hyperref driver for pdfTeX

(/usr/local/texlive/2022/texmf-dist/tex/latex/base/atveryend-ltx.sty
Package: atveryend-ltx 2020/08/19 v1.0a Emulation of the original atveryend pac
kage
with kernel methods
)
\Fld@listcount=\count282
\c@bookmark@seq@number=\count283

(/usr/local/texlive/2022/texmf-dist/tex/latex/rerunfilecheck/rerunfilecheck.sty
Package: rerunfilecheck 2019/12/05 v1.9 Rerun checks for auxiliary files (HO)

(/usr/local/texlive/2022/texmf-dist/tex/generic/uniquecounter/uniquecounter.sty
Package: uniquecounter 2019/12/15 v1.4 Provide unlimited unique counter (HO)
)
Package uniquecounter Info: New unique counter `rerunfilecheck' on input line 2
86.
)
\Hy@SectionHShift=\skip88
)
\mylenf=\skip89
 (/usr/local/texlive/2022/texmf-dist/tex/latex/caption/caption.sty
Package: caption 2022/03/01 v3.6b Customizing captions (AR)

(/usr/local/texlive/2022/texmf-dist/tex/latex/caption/caption3.sty
Package: caption3 2022/03/17 v2.3b caption3 kernel (AR)
\caption@tempdima=\dimen170
\captionmargin=\dimen171
\caption@leftmargin=\dimen172
\caption@rightmargin=\dimen173
\caption@width=\dimen174
\caption@indent=\dimen175
\caption@parindent=\dimen176
\caption@hangindent=\dimen177
Package caption Info: Standard document class detected.
)
\c@caption@flags=\count284
\c@continuedfloat=\count285
Package caption Info: float package is loaded.
Package caption Info: hyperref package is loaded.
)
(/usr/local/texlive/2022/texmf-dist/tex/latex/caption/subcaption.sty
Package: subcaption 2022/01/07 v1.5 Sub-captions (AR)
\c@subfigure=\count286
\c@subtable=\count287
)
(/usr/local/texlive/2022/texmf-dist/tex/latex/pdfpages/pdfpages.sty
Package: pdfpages 2022/01/29 v0.5u Insert pages of external PDF documents (AM)

(/usr/local/texlive/2022/texmf-dist/tex/latex/base/ifthen.sty
Package: ifthen 2020/11/24 v1.1c Standard LaTeX ifthen package (DPC)
)
(/usr/local/texlive/2022/texmf-dist/tex/latex/tools/calc.sty
Package: calc 2017/05/25 v4.3 Infix arithmetic (KKT,FJ)
\calc@Acount=\count288
\calc@Bcount=\count289
\calc@Adimen=\dimen178
\calc@Bdimen=\dimen179
\calc@Askip=\skip90
\calc@Bskip=\skip91
LaTeX Info: Redefining \setlength on input line 80.
LaTeX Info: Redefining \addtolength on input line 81.
\calc@Ccount=\count290
\calc@Cskip=\skip92
)
(/usr/local/texlive/2022/texmf-dist/tex/latex/eso-pic/eso-pic.sty
Package: eso-pic 2020/10/14 v3.0a eso-pic (RN)
\ESO@tempdima=\dimen180
\ESO@tempdimb=\dimen181
)
\AM@pagewidth=\dimen182
\AM@pageheight=\dimen183
\AM@fboxrule=\dimen184

(/usr/local/texlive/2022/texmf-dist/tex/latex/pdfpages/pppdftex.def
File: pppdftex.def 2022/01/29 v0.5u Pdfpages driver for pdfTeX (AM)
)
\pdfpages@includegraphics@status=\count291
\AM@pagebox=\box54
\AM@global@opts=\toks25
\AM@pagecnt=\count292
\AM@toc@title=\toks26
\c@AM@survey=\count293
\AM@templatesizebox=\box55
)
(/usr/local/texlive/2022/texmf-dist/tex/latex/wrapfig/wrapfig.sty
\wrapoverhang=\dimen185
\WF@size=\dimen186
\c@WF@wrappedlines=\count294
\WF@box=\box56
\WF@everypar=\toks27
Package: wrapfig 2003/01/31  v 3.6
)
(/usr/local/texlive/2022/texmf-dist/tex/latex/natbib/natbib.sty
Package: natbib 2010/09/13 8.31b (PWD, AO)
\bibhang=\skip93
\bibsep=\skip94
LaTeX Info: Redefining \cite on input line 694.
\c@NAT@ctr=\count295
)
(/usr/local/texlive/2022/texmf-dist/tex/latex/amsmath/amsmath.sty
Package: amsmath 2021/10/15 v2.17l AMS math features
\@mathmargin=\skip95

For additional information on amsmath, use the `?' option.
(/usr/local/texlive/2022/texmf-dist/tex/latex/amsmath/amstext.sty
Package: amstext 2021/08/26 v2.01 AMS text

(/usr/local/texlive/2022/texmf-dist/tex/latex/amsmath/amsgen.sty
File: amsgen.sty 1999/11/30 v2.0 generic functions
\@emptytoks=\toks28
\ex@=\dimen187
))
(/usr/local/texlive/2022/texmf-dist/tex/latex/amsmath/amsbsy.sty
Package: amsbsy 1999/11/29 v1.2d Bold Symbols
\pmbraise@=\dimen188
)
(/usr/local/texlive/2022/texmf-dist/tex/latex/amsmath/amsopn.sty
Package: amsopn 2021/08/26 v2.02 operator names
)
\inf@bad=\count296
LaTeX Info: Redefining \frac on input line 234.
\uproot@=\count297
\leftroot@=\count298
LaTeX Info: Redefining \overline on input line 399.
\classnum@=\count299
\DOTSCASE@=\count300
LaTeX Info: Redefining \ldots on input line 496.
LaTeX Info: Redefining \dots on input line 499.
LaTeX Info: Redefining \cdots on input line 620.
\Mathstrutbox@=\box57
\strutbox@=\box58
\big@size=\dimen189
LaTeX Font Info:    Redeclaring font encoding OML on input line 743.
LaTeX Font Info:    Redeclaring font encoding OMS on input line 744.
\macc@depth=\count301
\c@MaxMatrixCols=\count302
\dotsspace@=\muskip17
\c@parentequation=\count303
\dspbrk@lvl=\count304
\tag@help=\toks29
\row@=\count305
\column@=\count306
\maxfields@=\count307
\andhelp@=\toks30
\eqnshift@=\dimen190
\alignsep@=\dimen191
\tagshift@=\dimen192
\tagwidth@=\dimen193
\totwidth@=\dimen194
\lineht@=\dimen195
\@envbody=\toks31
\multlinegap=\skip96
\multlinetaggap=\skip97
\mathdisplay@stack=\toks32
LaTeX Info: Redefining \[ on input line 2938.
LaTeX Info: Redefining \] on input line 2939.
)
(/usr/local/texlive/2022/texmf-dist/tex/latex/algorithms/algorithm.sty
Package: algorithm 2009/08/24 v0.1 Document Style `algorithm' - floating enviro
nment
\@float@every@algorithm=\toks33
\c@algorithm=\count308
)
(/usr/local/texlive/2022/texmf-dist/tex/latex/algorithmicx/algpseudocode.sty
Package: algpseudocode 

(/usr/local/texlive/2022/texmf-dist/tex/latex/algorithmicx/algorithmicx.sty
Package: algorithmicx 2005/04/27 v1.2 Algorithmicx

Document Style algorithmicx 1.2 - a greatly improved `algorithmic' style
\c@ALG@line=\count309
\c@ALG@rem=\count310
\c@ALG@nested=\count311
\ALG@tlm=\skip98
\ALG@thistlm=\skip99
\c@ALG@Lnr=\count312
\c@ALG@blocknr=\count313
\c@ALG@storecount=\count314
\c@ALG@tmpcounter=\count315
\ALG@tmplength=\skip100
)
Document Style - pseudocode environments for use with the `algorithmicx' style
) (/usr/local/texlive/2022/texmf-dist/tex/latex/listings/listings.sty
\lst@mode=\count316
\lst@gtempboxa=\box59
\lst@token=\toks34
\lst@length=\count317
\lst@currlwidth=\dimen196
\lst@column=\count318
\lst@pos=\count319
\lst@lostspace=\dimen197
\lst@width=\dimen198
\lst@newlines=\count320
\lst@lineno=\count321
\lst@maxwidth=\dimen199

(/usr/local/texlive/2022/texmf-dist/tex/latex/listings/lstmisc.sty
File: lstmisc.sty 2020/03/24 1.8d (Carsten Heinz)
\c@lstnumber=\count322
\lst@skipnumbers=\count323
\lst@framebox=\box60
)
(/usr/local/texlive/2022/texmf-dist/tex/latex/listings/listings.cfg
File: listings.cfg 2020/03/24 1.8d listings configuration
))
Package: listings 2020/03/24 1.8d (Carsten Heinz)

(/usr/local/texlive/2022/texmf-dist/tex/latex/chngcntr/chngcntr.sty
Package: chngcntr 2018/04/09 v1.1a change counter resetting
Package chngcntr Info: \counterwithout already defined.
(chngcntr)             Quitting chngcntr on input line 21.
)
(/usr/local/texlive/2022/texmf-dist/tex/latex/listings/lstlang1.sty
File: lstlang1.sty 2020/03/24 1.8d listings language file
)
(/usr/local/texlive/2022/texmf-dist/tex/latex/tools/longtable.sty
Package: longtable 2021-09-01 v4.17 Multi-page Table package (DPC)
\LTleft=\skip101
\LTright=\skip102
\LTpre=\skip103
\LTpost=\skip104
\LTchunksize=\count324
\LTcapwidth=\dimen256
\LT@head=\box61
\LT@firsthead=\box62
\LT@foot=\box63
\LT@lastfoot=\box64
\LT@gbox=\box65
\LT@cols=\count325
\LT@rows=\count326
\c@LT@tables=\count327
\c@LT@chunks=\count328
\LT@p@ftn=\toks35
)
(/usr/local/texlive/2022/texmf-dist/tex/latex/enumitem/enumitem.sty
Package: enumitem 2019/06/20 v3.9 Customized lists
\labelindent=\skip105
\enit@outerparindent=\dimen257
\enit@toks=\toks36
\enit@inbox=\box66
\enit@count@id=\count329
\enitdp@description=\count330
)
(/usr/local/texlive/2022/texmf-dist/tex/latex/draftwatermark/draftwatermark.sty
Package: draftwatermark 2020/12/08 3.0 Put a gray textual watermark on document
 pages
) (/usr/local/texlive/2022/texmf-dist/tex/latex/pgf/frontendlayer/tikz.sty
(/usr/local/texlive/2022/texmf-dist/tex/latex/pgf/basiclayer/pgf.sty
(/usr/local/texlive/2022/texmf-dist/tex/latex/pgf/utilities/pgfrcs.sty
(/usr/local/texlive/2022/texmf-dist/tex/generic/pgf/utilities/pgfutil-common.te
x
\pgfutil@everybye=\toks37
\pgfutil@tempdima=\dimen258
\pgfutil@tempdimb=\dimen259

(/usr/local/texlive/2022/texmf-dist/tex/generic/pgf/utilities/pgfutil-common-li
sts.tex))
(/usr/local/texlive/2022/texmf-dist/tex/generic/pgf/utilities/pgfutil-latex.def
\pgfutil@abb=\box67
) (/usr/local/texlive/2022/texmf-dist/tex/generic/pgf/utilities/pgfrcs.code.tex
(/usr/local/texlive/2022/texmf-dist/tex/generic/pgf/pgf.revision.tex)
Package: pgfrcs 2021/05/15 v3.1.9a (3.1.9a)
))
Package: pgf 2021/05/15 v3.1.9a (3.1.9a)

(/usr/local/texlive/2022/texmf-dist/tex/latex/pgf/basiclayer/pgfcore.sty
(/usr/local/texlive/2022/texmf-dist/tex/latex/pgf/systemlayer/pgfsys.sty
(/usr/local/texlive/2022/texmf-dist/tex/generic/pgf/systemlayer/pgfsys.code.tex
Package: pgfsys 2021/05/15 v3.1.9a (3.1.9a)
(/usr/local/texlive/2022/texmf-dist/tex/generic/pgf/utilities/pgfkeys.code.tex
\pgfkeys@pathtoks=\toks38
\pgfkeys@temptoks=\toks39

(/usr/local/texlive/2022/texmf-dist/tex/generic/pgf/utilities/pgfkeysfiltered.c
ode.tex
\pgfkeys@tmptoks=\toks40
))
\pgf@x=\dimen260
\pgf@y=\dimen261
\pgf@xa=\dimen262
\pgf@ya=\dimen263
\pgf@xb=\dimen264
\pgf@yb=\dimen265
\pgf@xc=\dimen266
\pgf@yc=\dimen267
\pgf@xd=\dimen268
\pgf@yd=\dimen269
\w@pgf@writea=\write3
\r@pgf@reada=\read4
\c@pgf@counta=\count331
\c@pgf@countb=\count332
\c@pgf@countc=\count333
\c@pgf@countd=\count334
\t@pgf@toka=\toks41
\t@pgf@tokb=\toks42
\t@pgf@tokc=\toks43
\pgf@sys@id@count=\count335

(/usr/local/texlive/2022/texmf-dist/tex/generic/pgf/systemlayer/pgf.cfg
File: pgf.cfg 2021/05/15 v3.1.9a (3.1.9a)
)
Driver file for pgf: pgfsys-pdftex.def

(/usr/local/texlive/2022/texmf-dist/tex/generic/pgf/systemlayer/pgfsys-pdftex.d
ef
File: pgfsys-pdftex.def 2021/05/15 v3.1.9a (3.1.9a)

(/usr/local/texlive/2022/texmf-dist/tex/generic/pgf/systemlayer/pgfsys-common-p
df.def
File: pgfsys-common-pdf.def 2021/05/15 v3.1.9a (3.1.9a)
)))
(/usr/local/texlive/2022/texmf-dist/tex/generic/pgf/systemlayer/pgfsyssoftpath.
code.tex
File: pgfsyssoftpath.code.tex 2021/05/15 v3.1.9a (3.1.9a)
\pgfsyssoftpath@smallbuffer@items=\count336
\pgfsyssoftpath@bigbuffer@items=\count337
)
(/usr/local/texlive/2022/texmf-dist/tex/generic/pgf/systemlayer/pgfsysprotocol.
code.tex
File: pgfsysprotocol.code.tex 2021/05/15 v3.1.9a (3.1.9a)
))
(/usr/local/texlive/2022/texmf-dist/tex/generic/pgf/basiclayer/pgfcore.code.tex
Package: pgfcore 2021/05/15 v3.1.9a (3.1.9a)
(/usr/local/texlive/2022/texmf-dist/tex/generic/pgf/math/pgfmath.code.tex
(/usr/local/texlive/2022/texmf-dist/tex/generic/pgf/math/pgfmathcalc.code.tex
(/usr/local/texlive/2022/texmf-dist/tex/generic/pgf/math/pgfmathutil.code.tex)
(/usr/local/texlive/2022/texmf-dist/tex/generic/pgf/math/pgfmathparser.code.tex
\pgfmath@dimen=\dimen270
\pgfmath@count=\count338
\pgfmath@box=\box68
\pgfmath@toks=\toks44
\pgfmath@stack@operand=\toks45
\pgfmath@stack@operation=\toks46
)
(/usr/local/texlive/2022/texmf-dist/tex/generic/pgf/math/pgfmathfunctions.code.
tex
(/usr/local/texlive/2022/texmf-dist/tex/generic/pgf/math/pgfmathfunctions.basic
.code.tex)
(/usr/local/texlive/2022/texmf-dist/tex/generic/pgf/math/pgfmathfunctions.trigo
nometric.code.tex)
(/usr/local/texlive/2022/texmf-dist/tex/generic/pgf/math/pgfmathfunctions.rando
m.code.tex)
(/usr/local/texlive/2022/texmf-dist/tex/generic/pgf/math/pgfmathfunctions.compa
rison.code.tex)
(/usr/local/texlive/2022/texmf-dist/tex/generic/pgf/math/pgfmathfunctions.base.
code.tex)
(/usr/local/texlive/2022/texmf-dist/tex/generic/pgf/math/pgfmathfunctions.round
.code.tex)
(/usr/local/texlive/2022/texmf-dist/tex/generic/pgf/math/pgfmathfunctions.misc.
code.tex)
(/usr/local/texlive/2022/texmf-dist/tex/generic/pgf/math/pgfmathfunctions.integ
erarithmetics.code.tex)))
(/usr/local/texlive/2022/texmf-dist/tex/generic/pgf/math/pgfmathfloat.code.tex
\c@pgfmathroundto@lastzeros=\count339
)) (/usr/local/texlive/2022/texmf-dist/tex/generic/pgf/math/pgfint.code.tex)
(/usr/local/texlive/2022/texmf-dist/tex/generic/pgf/basiclayer/pgfcorepoints.co
de.tex
File: pgfcorepoints.code.tex 2021/05/15 v3.1.9a (3.1.9a)
\pgf@picminx=\dimen271
\pgf@picmaxx=\dimen272
\pgf@picminy=\dimen273
\pgf@picmaxy=\dimen274
\pgf@pathminx=\dimen275
\pgf@pathmaxx=\dimen276
\pgf@pathminy=\dimen277
\pgf@pathmaxy=\dimen278
\pgf@xx=\dimen279
\pgf@xy=\dimen280
\pgf@yx=\dimen281
\pgf@yy=\dimen282
\pgf@zx=\dimen283
\pgf@zy=\dimen284
)
(/usr/local/texlive/2022/texmf-dist/tex/generic/pgf/basiclayer/pgfcorepathconst
ruct.code.tex
File: pgfcorepathconstruct.code.tex 2021/05/15 v3.1.9a (3.1.9a)
\pgf@path@lastx=\dimen285
\pgf@path@lasty=\dimen286
)
(/usr/local/texlive/2022/texmf-dist/tex/generic/pgf/basiclayer/pgfcorepathusage
.code.tex
File: pgfcorepathusage.code.tex 2021/05/15 v3.1.9a (3.1.9a)
\pgf@shorten@end@additional=\dimen287
\pgf@shorten@start@additional=\dimen288
)
(/usr/local/texlive/2022/texmf-dist/tex/generic/pgf/basiclayer/pgfcorescopes.co
de.tex
File: pgfcorescopes.code.tex 2021/05/15 v3.1.9a (3.1.9a)
\pgfpic=\box69
\pgf@hbox=\box70
\pgf@layerbox@main=\box71
\pgf@picture@serial@count=\count340
)
(/usr/local/texlive/2022/texmf-dist/tex/generic/pgf/basiclayer/pgfcoregraphicst
ate.code.tex
File: pgfcoregraphicstate.code.tex 2021/05/15 v3.1.9a (3.1.9a)
\pgflinewidth=\dimen289
)
(/usr/local/texlive/2022/texmf-dist/tex/generic/pgf/basiclayer/pgfcoretransform
ations.code.tex
File: pgfcoretransformations.code.tex 2021/05/15 v3.1.9a (3.1.9a)
\pgf@pt@x=\dimen290
\pgf@pt@y=\dimen291
\pgf@pt@temp=\dimen292
)
(/usr/local/texlive/2022/texmf-dist/tex/generic/pgf/basiclayer/pgfcorequick.cod
e.tex
File: pgfcorequick.code.tex 2021/05/15 v3.1.9a (3.1.9a)
)
(/usr/local/texlive/2022/texmf-dist/tex/generic/pgf/basiclayer/pgfcoreobjects.c
ode.tex
File: pgfcoreobjects.code.tex 2021/05/15 v3.1.9a (3.1.9a)
)
(/usr/local/texlive/2022/texmf-dist/tex/generic/pgf/basiclayer/pgfcorepathproce
ssing.code.tex
File: pgfcorepathprocessing.code.tex 2021/05/15 v3.1.9a (3.1.9a)
)
(/usr/local/texlive/2022/texmf-dist/tex/generic/pgf/basiclayer/pgfcorearrows.co
de.tex
File: pgfcorearrows.code.tex 2021/05/15 v3.1.9a (3.1.9a)
\pgfarrowsep=\dimen293
)
(/usr/local/texlive/2022/texmf-dist/tex/generic/pgf/basiclayer/pgfcoreshade.cod
e.tex
File: pgfcoreshade.code.tex 2021/05/15 v3.1.9a (3.1.9a)
\pgf@max=\dimen294
\pgf@sys@shading@range@num=\count341
\pgf@shadingcount=\count342
)
(/usr/local/texlive/2022/texmf-dist/tex/generic/pgf/basiclayer/pgfcoreimage.cod
e.tex
File: pgfcoreimage.code.tex 2021/05/15 v3.1.9a (3.1.9a)

(/usr/local/texlive/2022/texmf-dist/tex/generic/pgf/basiclayer/pgfcoreexternal.
code.tex
File: pgfcoreexternal.code.tex 2021/05/15 v3.1.9a (3.1.9a)
\pgfexternal@startupbox=\box72
))
(/usr/local/texlive/2022/texmf-dist/tex/generic/pgf/basiclayer/pgfcorelayers.co
de.tex
File: pgfcorelayers.code.tex 2021/05/15 v3.1.9a (3.1.9a)
)
(/usr/local/texlive/2022/texmf-dist/tex/generic/pgf/basiclayer/pgfcoretranspare
ncy.code.tex
File: pgfcoretransparency.code.tex 2021/05/15 v3.1.9a (3.1.9a)
)
(/usr/local/texlive/2022/texmf-dist/tex/generic/pgf/basiclayer/pgfcorepatterns.
code.tex
File: pgfcorepatterns.code.tex 2021/05/15 v3.1.9a (3.1.9a)
)
(/usr/local/texlive/2022/texmf-dist/tex/generic/pgf/basiclayer/pgfcorerdf.code.
tex
File: pgfcorerdf.code.tex 2021/05/15 v3.1.9a (3.1.9a)
)))
(/usr/local/texlive/2022/texmf-dist/tex/generic/pgf/modules/pgfmoduleshapes.cod
e.tex
File: pgfmoduleshapes.code.tex 2021/05/15 v3.1.9a (3.1.9a)
\pgfnodeparttextbox=\box73
)
(/usr/local/texlive/2022/texmf-dist/tex/generic/pgf/modules/pgfmoduleplot.code.
tex
File: pgfmoduleplot.code.tex 2021/05/15 v3.1.9a (3.1.9a)
)
(/usr/local/texlive/2022/texmf-dist/tex/latex/pgf/compatibility/pgfcomp-version
-0-65.sty
Package: pgfcomp-version-0-65 2021/05/15 v3.1.9a (3.1.9a)
\pgf@nodesepstart=\dimen295
\pgf@nodesepend=\dimen296
)
(/usr/local/texlive/2022/texmf-dist/tex/latex/pgf/compatibility/pgfcomp-version
-1-18.sty
Package: pgfcomp-version-1-18 2021/05/15 v3.1.9a (3.1.9a)
))
(/usr/local/texlive/2022/texmf-dist/tex/latex/pgf/utilities/pgffor.sty
(/usr/local/texlive/2022/texmf-dist/tex/latex/pgf/utilities/pgfkeys.sty
(/usr/local/texlive/2022/texmf-dist/tex/generic/pgf/utilities/pgfkeys.code.tex)
) (/usr/local/texlive/2022/texmf-dist/tex/latex/pgf/math/pgfmath.sty
(/usr/local/texlive/2022/texmf-dist/tex/generic/pgf/math/pgfmath.code.tex))
(/usr/local/texlive/2022/texmf-dist/tex/generic/pgf/utilities/pgffor.code.tex
Package: pgffor 2021/05/15 v3.1.9a (3.1.9a)

(/usr/local/texlive/2022/texmf-dist/tex/generic/pgf/math/pgfmath.code.tex)
\pgffor@iter=\dimen297
\pgffor@skip=\dimen298
\pgffor@stack=\toks47
\pgffor@toks=\toks48
))
(/usr/local/texlive/2022/texmf-dist/tex/generic/pgf/frontendlayer/tikz/tikz.cod
e.tex
Package: tikz 2021/05/15 v3.1.9a (3.1.9a)

(/usr/local/texlive/2022/texmf-dist/tex/generic/pgf/libraries/pgflibraryplothan
dlers.code.tex
File: pgflibraryplothandlers.code.tex 2021/05/15 v3.1.9a (3.1.9a)
\pgf@plot@mark@count=\count343
\pgfplotmarksize=\dimen299
)
\tikz@lastx=\dimen300
\tikz@lasty=\dimen301
\tikz@lastxsaved=\dimen302
\tikz@lastysaved=\dimen303
\tikz@lastmovetox=\dimen304
\tikz@lastmovetoy=\dimen305
\tikzleveldistance=\dimen306
\tikzsiblingdistance=\dimen307
\tikz@figbox=\box74
\tikz@figbox@bg=\box75
\tikz@tempbox=\box76
\tikz@tempbox@bg=\box77
\tikztreelevel=\count344
\tikznumberofchildren=\count345
\tikznumberofcurrentchild=\count346
\tikz@fig@count=\count347

(/usr/local/texlive/2022/texmf-dist/tex/generic/pgf/modules/pgfmodulematrix.cod
e.tex
File: pgfmodulematrix.code.tex 2021/05/15 v3.1.9a (3.1.9a)
\pgfmatrixcurrentrow=\count348
\pgfmatrixcurrentcolumn=\count349
\pgf@matrix@numberofcolumns=\count350
)
\tikz@expandcount=\count351

(/usr/local/texlive/2022/texmf-dist/tex/generic/pgf/frontendlayer/tikz/librarie
s/tikzlibrarytopaths.code.tex
File: tikzlibrarytopaths.code.tex 2021/05/15 v3.1.9a (3.1.9a)
)))
LaTeX Font Info:    Trying to load font information for T1+ptm on input line 14
5.

(/usr/local/texlive/2022/texmf-dist/tex/latex/psnfss/t1ptm.fd
File: t1ptm.fd 2001/06/04 font definitions for T1/ptm.
)
(/usr/local/texlive/2022/texmf-dist/tex/latex/l3backend/l3backend-pdftex.def
File: l3backend-pdftex.def 2022-02-07 L3 backend support: PDF output (pdfTeX)
\l__color_backend_stack_int=\count352
\l__pdf_internal_box=\box78
)
(./template-skripsi.aux (./halaman-persembahan.aux) (./kata-pengantar.aux)
(./abstrak.aux) (./abstract.aux) (./bab1.aux) (./bab2.aux) (./bab3.aux)
(./bab4.aux

LaTeX Warning: Label `table:rank_comparisson_dataset_1' multiply defined.


LaTeX Warning: Label `table:rank_comparisson_dataset_2' multiply defined.

) (./bab5.aux) (./lampiran.aux

LaTeX Warning: Label `listing:ahelper_class' multiply defined.


LaTeX Warning: Label `listing:ahelper_class' multiply defined.

) (./daftar-riwayat-hidup.aux))
\openout1 = `template-skripsi.aux'.

LaTeX Font Info:    Checking defaults for OML/cmm/m/it on input line 145.
LaTeX Font Info:    ... okay on input line 145.
LaTeX Font Info:    Checking defaults for OMS/cmsy/m/n on input line 145.
LaTeX Font Info:    ... okay on input line 145.
LaTeX Font Info:    Checking defaults for OT1/cmr/m/n on input line 145.
LaTeX Font Info:    ... okay on input line 145.
LaTeX Font Info:    Checking defaults for T1/cmr/m/n on input line 145.
LaTeX Font Info:    ... okay on input line 145.
LaTeX Font Info:    Checking defaults for TS1/cmr/m/n on input line 145.
LaTeX Font Info:    ... okay on input line 145.
LaTeX Font Info:    Checking defaults for OMX/cmex/m/n on input line 145.
LaTeX Font Info:    ... okay on input line 145.
LaTeX Font Info:    Checking defaults for U/cmr/m/n on input line 145.
LaTeX Font Info:    ... okay on input line 145.
LaTeX Font Info:    Checking defaults for PD1/pdf/m/n on input line 145.
LaTeX Font Info:    ... okay on input line 145.
LaTeX Font Info:    Checking defaults for PU/pdf/m/n on input line 145.
LaTeX Font Info:    ... okay on input line 145.

(/usr/local/texlive/2022/texmf-dist/tex/context/base/mkii/supp-pdf.mkii
[Loading MPS to PDF converter (version 2006.09.02).]
\scratchcounter=\count353
\scratchdimen=\dimen308
\scratchbox=\box79
\nofMPsegments=\count354
\nofMParguments=\count355
\everyMPshowfont=\toks49
\MPscratchCnt=\count356
\MPscratchDim=\dimen309
\MPnumerator=\count357
\makeMPintoPDFobject=\count358
\everyMPtoPDFconversion=\toks50
) (/usr/local/texlive/2022/texmf-dist/tex/latex/epstopdf-pkg/epstopdf-base.sty
Package: epstopdf-base 2020-01-24 v2.11 Base part for package epstopdf
Package epstopdf-base Info: Redefining graphics rule for `.eps' on input line 4
85.

(/usr/local/texlive/2022/texmf-dist/tex/latex/latexconfig/epstopdf-sys.cfg
File: epstopdf-sys.cfg 2010/07/13 v1.3 Configuration of (r)epstopdf for TeX Liv
e
))
*geometry* driver: auto-detecting
*geometry* detected driver: pdftex
*geometry* verbose mode - [ preamble ] result:
* pass: disregarded the geometry package!
* \paperwidth=597.50787pt
* \paperheight=845.04684pt
* \textwidth=406.87448pt
* \textheight=625.96062pt
* \oddsidemargin=41.54121pt
* \evensidemargin=41.54121pt
* \topmargin=-25.6073pt
* \headheight=12.0pt
* \headsep=65.44142pt
* \topskip=5.1654pt
* \footskip=42.67912pt
* \marginparwidth=0.0pt
* \marginparsep=0.0pt
* \columnsep=10.0pt
* \skip\footins=10.8pt plus 4.0pt minus 2.0pt
* \hoffset=0.0pt
* \voffset=0.0pt
* \mag=1000
* \@twocolumnfalse
* \@twosidefalse
* \@mparswitchfalse
* \@reversemarginfalse
* (1in=72.27pt=25.4mm, 1cm=28.453pt)

Package hyperref Info: Link coloring OFF on input line 145.
(/usr/local/texlive/2022/texmf-dist/tex/latex/hyperref/nameref.sty
Package: nameref 2021-04-02 v2.47 Cross-referencing by name of section

(/usr/local/texlive/2022/texmf-dist/tex/latex/refcount/refcount.sty
Package: refcount 2019/12/15 v3.6 Data extraction from label references (HO)
)
(/usr/local/texlive/2022/texmf-dist/tex/generic/gettitlestring/gettitlestring.s
ty
Package: gettitlestring 2019/12/15 v1.6 Cleanup title references (HO)
)
\c@section@level=\count359
)
LaTeX Info: Redefining \ref on input line 145.
LaTeX Info: Redefining \pageref on input line 145.
LaTeX Info: Redefining \nameref on input line 145.
 (./template-skripsi.out) (./template-skripsi.out)
\@outlinefile=\write4
\openout4 = `template-skripsi.out'.

Package caption Info: Begin \AtBeginDocument code.
Package caption Info: listings package is loaded.
Package caption Info: longtable package is loaded.

(/usr/local/texlive/2022/texmf-dist/tex/latex/caption/ltcaption.sty
Package: ltcaption 2021/01/08 v1.4c longtable captions (AR)
)
Package caption Info: wrapfig package is loaded.
Package caption Info: End \AtBeginDocument code.

(/usr/local/texlive/2022/texmf-dist/tex/latex/pdflscape/pdflscape.sty
Package: pdflscape 2019/12/05 v0.12 Display of landscape pages in PDF (HO)

(/usr/local/texlive/2022/texmf-dist/tex/latex/graphics/lscape.sty
Package: lscape 2020/05/28 v3.02 Landscape Pages (DPC)
)
Package pdflscape Info: Auto-detected driver: pdftex on input line 81.
)
\c@lstlisting=\count360
<gambar/logounj.png, id=210, 467.7475pt x 538.01pt>
File: gambar/logounj.png Graphic file (type png)
<use gambar/logounj.png>
Package pdftex.def Info: gambar/logounj.png  used on input line 147.
(pdftex.def)             Requested size: 162.7473pt x 187.19804pt.
<gambar/logo_unj_tanpa_text.png, id=212, 1927.2pt x 1981.4025pt>
File: gambar/logo_unj_tanpa_text.png Graphic file (type png)
<use gambar/logo_unj_tanpa_text.png>
Package pdftex.def Info: gambar/logo_unj_tanpa_text.png  used on input line 155
.
(pdftex.def)             Requested size: 478.00812pt x 491.44926pt.
 [1

{/usr/local/texlive/2022/texmf-var/fonts/map/pdftex/updmap/pdftex.map} <./gamba
r/logo_unj_tanpa_text.png> <./gambar/logounj.png>]
<gambar/lembar_pernyataan.jpg, id=220, 927.465pt x 1284.8pt>
File: gambar/lembar_pernyataan.jpg Graphic file (type jpg)
<use gambar/lembar_pernyataan.jpg>
Package pdftex.def Info: gambar/lembar_pernyataan.jpg  used on input line 157.
(pdftex.def)             Requested size: 927.46274pt x 1284.79688pt.
File: gambar/lembar_pernyataan.jpg Graphic file (type jpg)
<use gambar/lembar_pernyataan.jpg>
Package pdftex.def Info: gambar/lembar_pernyataan.jpg  used on input line 157.
(pdftex.def)             Requested size: 927.46274pt x 1284.79688pt.
File: gambar/lembar_pernyataan.jpg Graphic file (type jpg)
<use gambar/lembar_pernyataan.jpg>
Package pdftex.def Info: gambar/lembar_pernyataan.jpg  used on input line 157.
(pdftex.def)             Requested size: 927.46274pt x 1284.79688pt.
File: gambar/lembar_pernyataan.jpg Graphic file (type jpg)
<use gambar/lembar_pernyataan.jpg>
Package pdftex.def Info: gambar/lembar_pernyataan.jpg  used on input line 157.
(pdftex.def)             Requested size: 597.79286pt x 828.11133pt.
File: gambar/lembar_pernyataan.jpg Graphic file (type jpg)
<use gambar/lembar_pernyataan.jpg>
Package pdftex.def Info: gambar/lembar_pernyataan.jpg  used on input line 157.
(pdftex.def)             Requested size: 597.79286pt x 828.11133pt.
File: gambar/lembar_pernyataan.jpg Graphic file (type jpg)
<use gambar/lembar_pernyataan.jpg>
Package pdftex.def Info: gambar/lembar_pernyataan.jpg  used on input line 157.
(pdftex.def)             Requested size: 597.79286pt x 828.11133pt.
File: gambar/lembar_pernyataan.jpg Graphic file (type jpg)
<use gambar/lembar_pernyataan.jpg>
Package pdftex.def Info: gambar/lembar_pernyataan.jpg  used on input line 157.
(pdftex.def)             Requested size: 597.79286pt x 828.11133pt.
File: gambar/logo_unj_tanpa_text.png Graphic file (type png)
<use gambar/logo_unj_tanpa_text.png>
Package pdftex.def Info: gambar/logo_unj_tanpa_text.png  used on input line 157
.
(pdftex.def)             Requested size: 478.00812pt x 491.44926pt.
 [2

 <./gambar/lembar_pernyataan.jpg>]
\openout2 = `halaman-persembahan.aux'.


(./halaman-persembahan.tex)
File: gambar/logo_unj_tanpa_text.png Graphic file (type png)
<use gambar/logo_unj_tanpa_text.png>
Package pdftex.def Info: gambar/logo_unj_tanpa_text.png  used on input line 159
.
(pdftex.def)             Requested size: 478.00812pt x 491.44926pt.
 [3


]
\openout2 = `kata-pengantar.aux'.

 (./kata-pengantar.tex)
File: gambar/logo_unj_tanpa_text.png Graphic file (type png)
<use gambar/logo_unj_tanpa_text.png>
Package pdftex.def Info: gambar/logo_unj_tanpa_text.png  used on input line 161
.
(pdftex.def)             Requested size: 478.00812pt x 491.44926pt.
 [4




]
\openout2 = `abstrak.aux'.

 (./abstrak.tex)
File: gambar/logo_unj_tanpa_text.png Graphic file (type png)
<use gambar/logo_unj_tanpa_text.png>
Package pdftex.def Info: gambar/logo_unj_tanpa_text.png  used on input line 163
.
(pdftex.def)             Requested size: 478.00812pt x 491.44926pt.

[5




]
\openout2 = `abstract.aux'.

 (./abstract.tex)
File: gambar/logo_unj_tanpa_text.png Graphic file (type png)
<use gambar/logo_unj_tanpa_text.png>
Package pdftex.def Info: gambar/logo_unj_tanpa_text.png  used on input line 165
.
(pdftex.def)             Requested size: 478.00812pt x 491.44926pt.
 [6




] (./template-skripsi.toc
LaTeX Font Info:    Trying to load font information for U+lasy on input line 3.


(/usr/local/texlive/2022/texmf-dist/tex/latex/base/ulasy.fd
File: ulasy.fd 1998/08/17 v2.2e LaTeX symbol font definitions
)
File: gambar/logo_unj_tanpa_text.png Graphic file (type png)
<use gambar/logo_unj_tanpa_text.png>
Package pdftex.def Info: gambar/logo_unj_tanpa_text.png  used on input line 33.

(pdftex.def)             Requested size: 478.00812pt x 491.44926pt.
 [7



])
\tf@toc=\write5
\openout5 = `template-skripsi.toc'.

File: gambar/logo_unj_tanpa_text.png Graphic file (type png)
<use gambar/logo_unj_tanpa_text.png>
Package pdftex.def Info: gambar/logo_unj_tanpa_text.png  used on input line 169
.
(pdftex.def)             Requested size: 478.00812pt x 491.44926pt.
 [8]
(./template-skripsi.lof
File: gambar/logo_unj_tanpa_text.png Graphic file (type png)
<use gambar/logo_unj_tanpa_text.png>
Package pdftex.def Info: gambar/logo_unj_tanpa_text.png  used on input line 30.

(pdftex.def)             Requested size: 478.00812pt x 491.44926pt.
 [9

])
\tf@lof=\write6
\openout6 = `template-skripsi.lof'.

File: gambar/logo_unj_tanpa_text.png Graphic file (type png)
<use gambar/logo_unj_tanpa_text.png>
Package pdftex.def Info: gambar/logo_unj_tanpa_text.png  used on input line 171
.
(pdftex.def)             Requested size: 478.00812pt x 491.44926pt.
 [10] (./template-skripsi.lot
File: gambar/logo_unj_tanpa_text.png Graphic file (type png)
<use gambar/logo_unj_tanpa_text.png>
Package pdftex.def Info: gambar/logo_unj_tanpa_text.png  used on input line 30.

(pdftex.def)             Requested size: 478.00812pt x 491.44926pt.
 [11

])
\tf@lot=\write7
\openout7 = `template-skripsi.lot'.

File: gambar/logo_unj_tanpa_text.png Graphic file (type png)
<use gambar/logo_unj_tanpa_text.png>
Package pdftex.def Info: gambar/logo_unj_tanpa_text.png  used on input line 173
.
(pdftex.def)             Requested size: 478.00812pt x 491.44926pt.
 [12]
\openout2 = `bab1.aux'.


(./bab1.tex
BAB I.
File: gambar/logo_unj_tanpa_text.png Graphic file (type png)
<use gambar/logo_unj_tanpa_text.png>
Package pdftex.def Info: gambar/logo_unj_tanpa_text.png  used on input line 10.

(pdftex.def)             Requested size: 478.00812pt x 491.44926pt.
[1



]
File: gambar/logo_unj_tanpa_text.png Graphic file (type png)
<use gambar/logo_unj_tanpa_text.png>
Package pdftex.def Info: gambar/logo_unj_tanpa_text.png  used on input line 12.

(pdftex.def)             Requested size: 478.00812pt x 491.44926pt.
 [2]
File: gambar/logo_unj_tanpa_text.png Graphic file (type png)
<use gambar/logo_unj_tanpa_text.png>
Package pdftex.def Info: gambar/logo_unj_tanpa_text.png  used on input line 14.

(pdftex.def)             Requested size: 478.00812pt x 491.44926pt.
 [3]
File: gambar/logo_unj_tanpa_text.png Graphic file (type png)
<use gambar/logo_unj_tanpa_text.png>
Package pdftex.def Info: gambar/logo_unj_tanpa_text.png  used on input line 28.

(pdftex.def)             Requested size: 478.00812pt x 491.44926pt.
 [4]
File: gambar/logo_unj_tanpa_text.png Graphic file (type png)
<use gambar/logo_unj_tanpa_text.png>
Package pdftex.def Info: gambar/logo_unj_tanpa_text.png  used on input line 30.

(pdftex.def)             Requested size: 478.00812pt x 491.44926pt.
 [5]
File: gambar/logo_unj_tanpa_text.png Graphic file (type png)
<use gambar/logo_unj_tanpa_text.png>
Package pdftex.def Info: gambar/logo_unj_tanpa_text.png  used on input line 62.

(pdftex.def)             Requested size: 478.00812pt x 491.44926pt.
 [6]
File: gambar/logo_unj_tanpa_text.png Graphic file (type png)
<use gambar/logo_unj_tanpa_text.png>
Package pdftex.def Info: gambar/logo_unj_tanpa_text.png  used on input line 82.

(pdftex.def)             Requested size: 478.00812pt x 491.44926pt.
 [7])
File: gambar/logo_unj_tanpa_text.png Graphic file (type png)
<use gambar/logo_unj_tanpa_text.png>
Package pdftex.def Info: gambar/logo_unj_tanpa_text.png  used on input line 177
.
(pdftex.def)             Requested size: 478.00812pt x 491.44926pt.
 [8]
\openout2 = `bab2.aux'.

 (./bab2.tex
BAB II.
<gambar/w3_model.png, id=621, 612.2875pt x 674.52pt>
File: gambar/w3_model.png Graphic file (type png)
<use gambar/w3_model.png>
Package pdftex.def Info: gambar/w3_model.png  used on input line 13.
(pdftex.def)             Requested size: 199.16928pt x 219.41196pt.
File: gambar/logo_unj_tanpa_text.png Graphic file (type png)
<use gambar/logo_unj_tanpa_text.png>
Package pdftex.def Info: gambar/logo_unj_tanpa_text.png  used on input line 20.

(pdftex.def)             Requested size: 478.00812pt x 491.44926pt.
[9




 <./gambar/w3_model.png>]
LaTeX Font Info:    Trying to load font information for TS1+ptm on input line 2
5.

(/usr/local/texlive/2022/texmf-dist/tex/latex/psnfss/ts1ptm.fd
File: ts1ptm.fd 2001/06/04 font definitions for TS1/ptm.
)
File: gambar/logo_unj_tanpa_text.png Graphic file (type png)
<use gambar/logo_unj_tanpa_text.png>
Package pdftex.def Info: gambar/logo_unj_tanpa_text.png  used on input line 33.

(pdftex.def)             Requested size: 478.00812pt x 491.44926pt.
 [10]
<gambar/w3_architecture.png, id=644, 693.59125pt x 538.01pt>
File: gambar/w3_architecture.png Graphic file (type png)
<use gambar/w3_architecture.png>
Package pdftex.def Info: gambar/w3_architecture.png  used on input line 38.
(pdftex.def)             Requested size: 199.16928pt x 154.49196pt.
File: gambar/logo_unj_tanpa_text.png Graphic file (type png)
<use gambar/logo_unj_tanpa_text.png>
Package pdftex.def Info: gambar/logo_unj_tanpa_text.png  used on input line 44.

(pdftex.def)             Requested size: 478.00812pt x 491.44926pt.
 [11 <./gambar/w3_architecture.png>]
File: gambar/logo_unj_tanpa_text.png Graphic file (type png)
<use gambar/logo_unj_tanpa_text.png>
Package pdftex.def Info: gambar/logo_unj_tanpa_text.png  used on input line 52.

(pdftex.def)             Requested size: 478.00812pt x 491.44926pt.
 [12]
File: gambar/logo_unj_tanpa_text.png Graphic file (type png)
<use gambar/logo_unj_tanpa_text.png>
Package pdftex.def Info: gambar/logo_unj_tanpa_text.png  used on input line 56.

(pdftex.def)             Requested size: 478.00812pt x 491.44926pt.
 [13]
<gambar/google_architecture_filled.png, id=676, 999.735pt x 1206.5075pt>
File: gambar/google_architecture_filled.png Graphic file (type png)
<use gambar/google_architecture_filled.png>
Package pdftex.def Info: gambar/google_architecture_filled.png  used on input l
ine 59.
(pdftex.def)             Requested size: 406.87448pt x 491.02614pt.
File: gambar/logo_unj_tanpa_text.png Graphic file (type png)
<use gambar/logo_unj_tanpa_text.png>
Package pdftex.def Info: gambar/logo_unj_tanpa_text.png  used on input line 65.

(pdftex.def)             Requested size: 478.00812pt x 491.44926pt.
 [14 <./gambar/google_architecture_filled.png>]
File: gambar/logo_unj_tanpa_text.png Graphic file (type png)
<use gambar/logo_unj_tanpa_text.png>
Package pdftex.def Info: gambar/logo_unj_tanpa_text.png  used on input line 71.

(pdftex.def)             Requested size: 478.00812pt x 491.44926pt.
 [15]
<gambar/search_engine_market_share.png, id=696, 1027.84pt x 578.16pt>
File: gambar/search_engine_market_share.png Graphic file (type png)
<use gambar/search_engine_market_share.png>
Package pdftex.def Info: gambar/search_engine_market_share.png  used on input l
ine 74.
(pdftex.def)             Requested size: 398.33858pt x 224.06996pt.
<gambar/graph_example.png, id=701, 316.18124pt x 179.67125pt>
File: gambar/graph_example.png Graphic file (type png)
<use gambar/graph_example.png>
Package pdftex.def Info: gambar/graph_example.png  used on input line 84.
(pdftex.def)             Requested size: 136.708pt x 77.6848pt.
<gambar/graph_example_2.png, id=706, 289.08pt x 178.6675pt>
File: gambar/graph_example_2.png Graphic file (type png)
<use gambar/graph_example_2.png>
Package pdftex.def Info: gambar/graph_example_2.png  used on input line 90.
(pdftex.def)             Requested size: 136.708pt x 84.49171pt.
<gambar/graph_example_3.png, id=711, 580.1675pt x 307.1475pt>
File: gambar/graph_example_3.png Graphic file (type png)
<use gambar/graph_example_3.png>
Package pdftex.def Info: gambar/graph_example_3.png  used on input line 98.
(pdftex.def)             Requested size: 195.298pt x 103.393pt.
File: gambar/logo_unj_tanpa_text.png Graphic file (type png)
<use gambar/logo_unj_tanpa_text.png>
Package pdftex.def Info: gambar/logo_unj_tanpa_text.png  used on input line 102
.
(pdftex.def)             Requested size: 478.00812pt x 491.44926pt.
 [16 <./gambar/search_engine_market_share.png> <./gambar/graph_example.png> <./
gambar/graph_example_2.png>]
<gambar/digraph_example.png, id=729, 369.38pt x 219.82124pt>
File: gambar/digraph_example.png Graphic file (type png)
<use gambar/digraph_example.png>
Package pdftex.def Info: gambar/digraph_example.png  used on input line 109.
(pdftex.def)             Requested size: 136.708pt x 81.35605pt.
<gambar/simple_digraph_example.png, id=734, 297.11pt x 212.795pt>
File: gambar/simple_digraph_example.png Graphic file (type png)
<use gambar/simple_digraph_example.png>
Package pdftex.def Info: gambar/simple_digraph_example.png  used on input line 
115.
(pdftex.def)             Requested size: 136.708pt x 97.91609pt.
File: gambar/logo_unj_tanpa_text.png Graphic file (type png)
<use gambar/logo_unj_tanpa_text.png>
Package pdftex.def Info: gambar/logo_unj_tanpa_text.png  used on input line 122
.
(pdftex.def)             Requested size: 478.00812pt x 491.44926pt.
 [17 <./gambar/graph_example_3.png> <./gambar/digraph_example.png> <./gambar/si
mple_digraph_example.png>]
File: gambar/logo_unj_tanpa_text.png Graphic file (type png)
<use gambar/logo_unj_tanpa_text.png>
Package pdftex.def Info: gambar/logo_unj_tanpa_text.png  used on input line 130
.
(pdftex.def)             Requested size: 478.00812pt x 491.44926pt.
 [18]
<gambar/web_graph_ilustration.jpg, id=762, 396.7322pt x 309.40594pt>
File: gambar/web_graph_ilustration.jpg Graphic file (type jpg)
<use gambar/web_graph_ilustration.jpg>
Package pdftex.def Info: gambar/web_graph_ilustration.jpg  used on input line 1
33.
(pdftex.def)             Requested size: 199.16928pt x 155.33049pt.
File: gambar/logo_unj_tanpa_text.png Graphic file (type png)
<use gambar/logo_unj_tanpa_text.png>
Package pdftex.def Info: gambar/logo_unj_tanpa_text.png  used on input line 141
.
(pdftex.def)             Requested size: 478.00812pt x 491.44926pt.
 [19 <./gambar/web_graph_ilustration.jpg>]
Package hyperref Info: bookmark level for unknown algorithm defaults to 0 on in
put line 147.
File: gambar/logo_unj_tanpa_text.png Graphic file (type png)
<use gambar/logo_unj_tanpa_text.png>
Package pdftex.def Info: gambar/logo_unj_tanpa_text.png  used on input line 161
.
(pdftex.def)             Requested size: 478.00812pt x 491.44926pt.
 [20]
File: gambar/logo_unj_tanpa_text.png Graphic file (type png)
<use gambar/logo_unj_tanpa_text.png>
Package pdftex.def Info: gambar/logo_unj_tanpa_text.png  used on input line 177
.
(pdftex.def)             Requested size: 478.00812pt x 491.44926pt.
 [21]
File: gambar/logo_unj_tanpa_text.png Graphic file (type png)
<use gambar/logo_unj_tanpa_text.png>
Package pdftex.def Info: gambar/logo_unj_tanpa_text.png  used on input line 200
.
(pdftex.def)             Requested size: 478.00812pt x 491.44926pt.
 [22]
File: gambar/logo_unj_tanpa_text.png Graphic file (type png)
<use gambar/logo_unj_tanpa_text.png>
Package pdftex.def Info: gambar/logo_unj_tanpa_text.png  used on input line 240
.
(pdftex.def)             Requested size: 478.00812pt x 491.44926pt.
 [23]
File: gambar/logo_unj_tanpa_text.png Graphic file (type png)
<use gambar/logo_unj_tanpa_text.png>
Package pdftex.def Info: gambar/logo_unj_tanpa_text.png  used on input line 277
.
(pdftex.def)             Requested size: 478.00812pt x 491.44926pt.
 [24]
File: gambar/logo_unj_tanpa_text.png Graphic file (type png)
<use gambar/logo_unj_tanpa_text.png>
Package pdftex.def Info: gambar/logo_unj_tanpa_text.png  used on input line 306
.
(pdftex.def)             Requested size: 478.00812pt x 491.44926pt.
 [25]
File: gambar/logo_unj_tanpa_text.png Graphic file (type png)
<use gambar/logo_unj_tanpa_text.png>
Package pdftex.def Info: gambar/logo_unj_tanpa_text.png  used on input line 326
.
(pdftex.def)             Requested size: 478.00812pt x 491.44926pt.
 [26]
<gambar/web_graph.png, id=908, 532.99126pt x 403.5075pt>
File: gambar/web_graph.png Graphic file (type png)
<use gambar/web_graph.png>
Package pdftex.def Info: gambar/web_graph.png  used on input line 329.
(pdftex.def)             Requested size: 263.07921pt x 199.16928pt.
File: gambar/logo_unj_tanpa_text.png Graphic file (type png)
<use gambar/logo_unj_tanpa_text.png>
Package pdftex.def Info: gambar/logo_unj_tanpa_text.png  used on input line 363
.
(pdftex.def)             Requested size: 478.00812pt x 491.44926pt.
 [27 <./gambar/web_graph.png>]
File: gambar/logo_unj_tanpa_text.png Graphic file (type png)
<use gambar/logo_unj_tanpa_text.png>
Package pdftex.def Info: gambar/logo_unj_tanpa_text.png  used on input line 446
.
(pdftex.def)             Requested size: 478.00812pt x 491.44926pt.
 [28]
File: gambar/logo_unj_tanpa_text.png Graphic file (type png)
<use gambar/logo_unj_tanpa_text.png>
Package pdftex.def Info: gambar/logo_unj_tanpa_text.png  used on input line 488
.
(pdftex.def)             Requested size: 478.00812pt x 491.44926pt.
 [29]
File: gambar/logo_unj_tanpa_text.png Graphic file (type png)
<use gambar/logo_unj_tanpa_text.png>
Package pdftex.def Info: gambar/logo_unj_tanpa_text.png  used on input line 539
.
(pdftex.def)             Requested size: 478.00812pt x 491.44926pt.
 [30]
File: gambar/logo_unj_tanpa_text.png Graphic file (type png)
<use gambar/logo_unj_tanpa_text.png>
Package pdftex.def Info: gambar/logo_unj_tanpa_text.png  used on input line 572
.
(pdftex.def)             Requested size: 478.00812pt x 491.44926pt.
 [31]
File: gambar/logo_unj_tanpa_text.png Graphic file (type png)
<use gambar/logo_unj_tanpa_text.png>
Package pdftex.def Info: gambar/logo_unj_tanpa_text.png  used on input line 594
.
(pdftex.def)             Requested size: 478.00812pt x 491.44926pt.
 [32]
File: gambar/logo_unj_tanpa_text.png Graphic file (type png)
<use gambar/logo_unj_tanpa_text.png>
Package pdftex.def Info: gambar/logo_unj_tanpa_text.png  used on input line 610
.
(pdftex.def)             Requested size: 478.00812pt x 491.44926pt.
 [33])
File: gambar/logo_unj_tanpa_text.png Graphic file (type png)
<use gambar/logo_unj_tanpa_text.png>
Package pdftex.def Info: gambar/logo_unj_tanpa_text.png  used on input line 178
.
(pdftex.def)             Requested size: 478.00812pt x 491.44926pt.
 [34]
\openout2 = `bab3.aux'.

 (./bab3.tex
BAB III.
<gambar/tahapan_penelitian.png, id=1004, 835.12pt x 232.87pt>
File: gambar/tahapan_penelitian.png Graphic file (type png)
<use gambar/tahapan_penelitian.png>
Package pdftex.def Info: gambar/tahapan_penelitian.png  used on input line 15.
(pdftex.def)             Requested size: 406.87448pt x 113.45703pt.

LaTeX Warning: `!h' float specifier changed to `!ht'.


LaTeX Warning: `!h' float specifier changed to `!ht'.


LaTeX Warning: `!h' float specifier changed to `!ht'.


LaTeX Warning: `!h' float specifier changed to `!ht'.


LaTeX Warning: `!h' float specifier changed to `!ht'.


LaTeX Warning: `!h' float specifier changed to `!ht'.


LaTeX Warning: `!h' float specifier changed to `!ht'.


LaTeX Warning: `!h' float specifier changed to `!ht'.


LaTeX Warning: `!h' float specifier changed to `!ht'.


LaTeX Warning: `!h' float specifier changed to `!ht'.


LaTeX Warning: `!h' float specifier changed to `!ht'.


LaTeX Warning: `!h' float specifier changed to `!ht'.

File: gambar/logo_unj_tanpa_text.png Graphic file (type png)
<use gambar/logo_unj_tanpa_text.png>
Package pdftex.def Info: gambar/logo_unj_tanpa_text.png  used on input line 244
.
(pdftex.def)             Requested size: 478.00812pt x 491.44926pt.
[35




 <./gambar/tahapan_penelitian.png>]
File: gambar/logo_unj_tanpa_text.png Graphic file (type png)
<use gambar/logo_unj_tanpa_text.png>
Package pdftex.def Info: gambar/logo_unj_tanpa_text.png  used on input line 244
.
(pdftex.def)             Requested size: 478.00812pt x 491.44926pt.
 [36]
File: gambar/logo_unj_tanpa_text.png Graphic file (type png)
<use gambar/logo_unj_tanpa_text.png>
Package pdftex.def Info: gambar/logo_unj_tanpa_text.png  used on input line 246
.
(pdftex.def)             Requested size: 478.00812pt x 491.44926pt.
 [37]
File: gambar/logo_unj_tanpa_text.png Graphic file (type png)
<use gambar/logo_unj_tanpa_text.png>
Package pdftex.def Info: gambar/logo_unj_tanpa_text.png  used on input line 268
.
(pdftex.def)             Requested size: 478.00812pt x 491.44926pt.
 [38]
File: gambar/logo_unj_tanpa_text.png Graphic file (type png)
<use gambar/logo_unj_tanpa_text.png>
Package pdftex.def Info: gambar/logo_unj_tanpa_text.png  used on input line 275
.
(pdftex.def)             Requested size: 478.00812pt x 491.44926pt.
 [39]
File: gambar/logo_unj_tanpa_text.png Graphic file (type png)
<use gambar/logo_unj_tanpa_text.png>
Package pdftex.def Info: gambar/logo_unj_tanpa_text.png  used on input line 294
.
(pdftex.def)             Requested size: 478.00812pt x 491.44926pt.
 [40]
File: gambar/logo_unj_tanpa_text.png Graphic file (type png)
<use gambar/logo_unj_tanpa_text.png>
Package pdftex.def Info: gambar/logo_unj_tanpa_text.png  used on input line 303
.
(pdftex.def)             Requested size: 478.00812pt x 491.44926pt.
 [41]
File: gambar/logo_unj_tanpa_text.png Graphic file (type png)
<use gambar/logo_unj_tanpa_text.png>
Package pdftex.def Info: gambar/logo_unj_tanpa_text.png  used on input line 311
.
(pdftex.def)             Requested size: 478.00812pt x 491.44926pt.
 [42]
File: gambar/logo_unj_tanpa_text.png Graphic file (type png)
<use gambar/logo_unj_tanpa_text.png>
Package pdftex.def Info: gambar/logo_unj_tanpa_text.png  used on input line 317
.
(pdftex.def)             Requested size: 478.00812pt x 491.44926pt.

[43]
File: gambar/logo_unj_tanpa_text.png Graphic file (type png)
<use gambar/logo_unj_tanpa_text.png>
Package pdftex.def Info: gambar/logo_unj_tanpa_text.png  used on input line 374
.
(pdftex.def)             Requested size: 478.00812pt x 491.44926pt.
 [44]
Overfull \hbox (6.97102pt too wide) detected at line 431
[]
 []

File: gambar/logo_unj_tanpa_text.png Graphic file (type png)
<use gambar/logo_unj_tanpa_text.png>
Package pdftex.def Info: gambar/logo_unj_tanpa_text.png  used on input line 436
.
(pdftex.def)             Requested size: 478.00812pt x 491.44926pt.
[45]
File: gambar/logo_unj_tanpa_text.png Graphic file (type png)
<use gambar/logo_unj_tanpa_text.png>
Package pdftex.def Info: gambar/logo_unj_tanpa_text.png  used on input line 459
.
(pdftex.def)             Requested size: 478.00812pt x 491.44926pt.
 [46]
File: gambar/logo_unj_tanpa_text.png Graphic file (type png)
<use gambar/logo_unj_tanpa_text.png>
Package pdftex.def Info: gambar/logo_unj_tanpa_text.png  used on input line 485
.
(pdftex.def)             Requested size: 478.00812pt x 491.44926pt.
 [47]
File: gambar/logo_unj_tanpa_text.png Graphic file (type png)
<use gambar/logo_unj_tanpa_text.png>
Package pdftex.def Info: gambar/logo_unj_tanpa_text.png  used on input line 498
.
(pdftex.def)             Requested size: 478.00812pt x 491.44926pt.
 [48]
File: gambar/logo_unj_tanpa_text.png Graphic file (type png)
<use gambar/logo_unj_tanpa_text.png>
Package pdftex.def Info: gambar/logo_unj_tanpa_text.png  used on input line 514
.
(pdftex.def)             Requested size: 478.00812pt x 491.44926pt.
 [49])
File: gambar/logo_unj_tanpa_text.png Graphic file (type png)
<use gambar/logo_unj_tanpa_text.png>
Package pdftex.def Info: gambar/logo_unj_tanpa_text.png  used on input line 179
.
(pdftex.def)             Requested size: 478.00812pt x 491.44926pt.
 [50]
\openout2 = `bab4.aux'.

 (./bab4.tex
BAB IV.
File: gambar/logo_unj_tanpa_text.png Graphic file (type png)
<use gambar/logo_unj_tanpa_text.png>
Package pdftex.def Info: gambar/logo_unj_tanpa_text.png  used on input line 20.

(pdftex.def)             Requested size: 478.00812pt x 491.44926pt.
[51




]
<gambar/cache_class_diagram.png, id=1155, 968.61874pt x 501.875pt>
File: gambar/cache_class_diagram.png Graphic file (type png)
<use gambar/cache_class_diagram.png>
Package pdftex.def Info: gambar/cache_class_diagram.png  used on input line 23.

(pdftex.def)             Requested size: 406.87448pt x 210.81668pt.
File: gambar/logo_unj_tanpa_text.png Graphic file (type png)
<use gambar/logo_unj_tanpa_text.png>
Package pdftex.def Info: gambar/logo_unj_tanpa_text.png  used on input line 29.

(pdftex.def)             Requested size: 478.00812pt x 491.44926pt.
 [52 <./gambar/cache_class_diagram.png>]
<gambar/db_class_diagram.png, id=1164, 1072.005pt x 871.255pt>
File: gambar/db_class_diagram.png Graphic file (type png)
<use gambar/db_class_diagram.png>
Package pdftex.def Info: gambar/db_class_diagram.png  used on input line 32.
(pdftex.def)             Requested size: 406.87448pt x 330.66821pt.
File: gambar/logo_unj_tanpa_text.png Graphic file (type png)
<use gambar/logo_unj_tanpa_text.png>
Package pdftex.def Info: gambar/logo_unj_tanpa_text.png  used on input line 38.

(pdftex.def)             Requested size: 478.00812pt x 491.44926pt.
 [53 <./gambar/db_class_diagram.png>]
<gambar/page_information_clusterizer_class_diagram.png, id=1175, 462.72874pt x 
101.37875pt>
File: gambar/page_information_clusterizer_class_diagram.png Graphic file (type 
png)
<use gambar/page_information_clusterizer_class_diagram.png>
Package pdftex.def Info: gambar/page_information_clusterizer_class_diagram.png 
 used on input line 43.
(pdftex.def)             Requested size: 406.87448pt x 89.14241pt.
<gambar/p_helper_sequence_diagram_2.png, id=1178, 1890.06125pt x 847.165pt>
File: gambar/p_helper_sequence_diagram_2.png Graphic file (type png)
<use gambar/p_helper_sequence_diagram_2.png>
Package pdftex.def Info: gambar/p_helper_sequence_diagram_2.png  used on input 
line 52.
(pdftex.def)             Requested size: 625.97166pt x 406.86725pt.
File: gambar/logo_unj_tanpa_text.png Graphic file (type png)
<use gambar/logo_unj_tanpa_text.png>
Package pdftex.def Info: gambar/logo_unj_tanpa_text.png  used on input line 56.

(pdftex.def)             Requested size: 478.00812pt x 491.44926pt.
 [54 <./gambar/page_information_clusterizer_class_diagram.png>]
Overfull \vbox (24.51103pt too high) has occurred while \output is active []

File: gambar/logo_unj_tanpa_text.png Graphic file (type png)
<use gambar/logo_unj_tanpa_text.png>
Package pdftex.def Info: gambar/logo_unj_tanpa_text.png  used on input line 56.

(pdftex.def)             Requested size: 478.00812pt x 491.44926pt.

[55 <./gambar/p_helper_sequence_diagram_2.png (PNG copy)>]
<gambar/run_original_pagerank_dpc_paper_version_sequence_diagram.png, id=1191, 
1476.51625pt x 1015.795pt>
File: gambar/run_original_pagerank_dpc_paper_version_sequence_diagram.png Graph
ic file (type png)
<use gambar/run_original_pagerank_dpc_paper_version_sequence_diagram.png>
Package pdftex.def Info: gambar/run_original_pagerank_dpc_paper_version_sequenc
e_diagram.png  used on input line 59.
(pdftex.def)             Requested size: 625.9453pt x 406.86879pt.

Overfull \vbox (24.48466pt too high) has occurred while \output is active []

File: gambar/logo_unj_tanpa_text.png Graphic file (type png)
<use gambar/logo_unj_tanpa_text.png>
Package pdftex.def Info: gambar/logo_unj_tanpa_text.png  used on input line 63.

(pdftex.def)             Requested size: 478.00812pt x 491.44926pt.

[56 <./gambar/run_original_pagerank_dpc_paper_version_sequence_diagram.png (PNG
 copy)>]
<gambar/p_helper_class_diagram(2).png, id=1196, 694.595pt x 164.615pt>
File: gambar/p_helper_class_diagram(2).png Graphic file (type png)
<use gambar/p_helper_class_diagram(2).png>
Package pdftex.def Info: gambar/p_helper_class_diagram(2).png  used on input li
ne 66.
(pdftex.def)             Requested size: 406.87448pt x 96.42874pt.
File: gambar/logo_unj_tanpa_text.png Graphic file (type png)
<use gambar/logo_unj_tanpa_text.png>
Package pdftex.def Info: gambar/logo_unj_tanpa_text.png  used on input line 76.

(pdftex.def)             Requested size: 478.00812pt x 491.44926pt.
 [57 <./gambar/p_helper_class_diagram(2).png>]
File: gambar/logo_unj_tanpa_text.png Graphic file (type png)
<use gambar/logo_unj_tanpa_text.png>
Package pdftex.def Info: gambar/logo_unj_tanpa_text.png  used on input line 82.

(pdftex.def)             Requested size: 478.00812pt x 491.44926pt.
 [58]
<gambar/cluster_separated_phi_helper_class_diagram.png, id=1212, 1024.82875pt x
 299.1175pt>
File: gambar/cluster_separated_phi_helper_class_diagram.png Graphic file (type 
png)
<use gambar/cluster_separated_phi_helper_class_diagram.png>
Package pdftex.def Info: gambar/cluster_separated_phi_helper_class_diagram.png 
 used on input line 85.
(pdftex.def)             Requested size: 406.87448pt x 118.75485pt.
<gambar/extended_local_transition_matrix_helper_class_diagram.png, id=1213, 974
.64125pt x 154.5775pt>
File: gambar/extended_local_transition_matrix_helper_class_diagram.png Graphic 
file (type png)
<use gambar/extended_local_transition_matrix_helper_class_diagram.png>
Package pdftex.def Info: gambar/extended_local_transition_matrix_helper_class_d
iagram.png  used on input line 92.
(pdftex.def)             Requested size: 406.87448pt x 64.53055pt.
File: gambar/logo_unj_tanpa_text.png Graphic file (type png)
<use gambar/logo_unj_tanpa_text.png>
Package pdftex.def Info: gambar/logo_unj_tanpa_text.png  used on input line 100
.
(pdftex.def)             Requested size: 478.00812pt x 491.44926pt.
 [59 <./gambar/cluster_separated_phi_helper_class_diagram.png> <./gambar/extend
ed_local_transition_matrix_helper_class_diagram.png>]
<gambar/p_with_cache_helper_class_diagram.png, id=1223, 825.0825pt x 174.6525pt
>
File: gambar/p_with_cache_helper_class_diagram.png Graphic file (type png)
<use gambar/p_with_cache_helper_class_diagram.png>
Package pdftex.def Info: gambar/p_with_cache_helper_class_diagram.png  used on 
input line 103.
(pdftex.def)             Requested size: 406.87448pt x 86.12679pt.
<gambar/p_with_cache_helper_sequence_diagram.png, id=1224, 2191.18625pt x 495.8
525pt>
File: gambar/p_with_cache_helper_sequence_diagram.png Graphic file (type png)
<use gambar/p_with_cache_helper_sequence_diagram.png>
Package pdftex.def Info: gambar/p_with_cache_helper_sequence_diagram.png  used 
on input line 109.
(pdftex.def)             Requested size: 406.86768pt x 170.63803pt.
File: gambar/logo_unj_tanpa_text.png Graphic file (type png)
<use gambar/logo_unj_tanpa_text.png>
Package pdftex.def Info: gambar/logo_unj_tanpa_text.png  used on input line 114
.
(pdftex.def)             Requested size: 478.00812pt x 491.44926pt.
 [60 <./gambar/p_with_cache_helper_class_diagram.png> <./gambar/p_with_cache_he
lper_sequence_diagram.png (PNG copy)>]
<gambar/partitioned_p_helper_class_diagram.png, id=1230, 623.32875pt x 116.435p
t>
File: gambar/partitioned_p_helper_class_diagram.png Graphic file (type png)
<use gambar/partitioned_p_helper_class_diagram.png>
Package pdftex.def Info: gambar/partitioned_p_helper_class_diagram.png  used on
 input line 117.
(pdftex.def)             Requested size: 406.87448pt x 76.00342pt.
<gambar/pasti_helper_class_diagram.png, id=1231, 653.44125pt x 90.3375pt>
File: gambar/pasti_helper_class_diagram.png Graphic file (type png)
<use gambar/pasti_helper_class_diagram.png>
Package pdftex.def Info: gambar/pasti_helper_class_diagram.png  used on input l
ine 124.
(pdftex.def)             Requested size: 406.87448pt x 56.24988pt.
<gambar/piast_helper_class_diagram.png, id=1232, 654.445pt x 94.3525pt>
File: gambar/piast_helper_class_diagram.png Graphic file (type png)
<use gambar/piast_helper_class_diagram.png>
Package pdftex.def Info: gambar/piast_helper_class_diagram.png  used on input l
ine 131.
(pdftex.def)             Requested size: 406.87448pt x 58.65918pt.
File: gambar/logo_unj_tanpa_text.png Graphic file (type png)
<use gambar/logo_unj_tanpa_text.png>
Package pdftex.def Info: gambar/logo_unj_tanpa_text.png  used on input line 137
.
(pdftex.def)             Requested size: 478.00812pt x 491.44926pt.

[61 <./gambar/partitioned_p_helper_class_diagram.png> <./gambar/pasti_helper_cl
ass_diagram.png> <./gambar/piast_helper_class_diagram.png>]
<gambar/rp_helper_class_diagram.png, id=1242, 503.8825pt x 94.3525pt>
File: gambar/rp_helper_class_diagram.png Graphic file (type png)
<use gambar/rp_helper_class_diagram.png>
Package pdftex.def Info: gambar/rp_helper_class_diagram.png  used on input line
 140.
(pdftex.def)             Requested size: 406.87448pt x 76.18753pt.
File: gambar/logo_unj_tanpa_text.png Graphic file (type png)
<use gambar/logo_unj_tanpa_text.png>
Package pdftex.def Info: gambar/logo_unj_tanpa_text.png  used on input line 148
.
(pdftex.def)             Requested size: 478.00812pt x 491.44926pt.
 [62 <./gambar/rp_helper_class_diagram.png>]
<gambar/dpc_executor_class_diagram.png, id=1252, 794.97pt x 481.8pt>
File: gambar/dpc_executor_class_diagram.png Graphic file (type png)
<use gambar/dpc_executor_class_diagram.png>
Package pdftex.def Info: gambar/dpc_executor_class_diagram.png  used on input l
ine 151.
(pdftex.def)             Requested size: 406.87448pt x 246.59694pt.
File: gambar/logo_unj_tanpa_text.png Graphic file (type png)
<use gambar/logo_unj_tanpa_text.png>
Package pdftex.def Info: gambar/logo_unj_tanpa_text.png  used on input line 157
.
(pdftex.def)             Requested size: 478.00812pt x 491.44926pt.
 [63 <./gambar/dpc_executor_class_diagram.png>]
<gambar/run_dpc_sequence_diagram.png, id=1259, 1226.5825pt x 597.23125pt>
File: gambar/run_dpc_sequence_diagram.png Graphic file (type png)
<use gambar/run_dpc_sequence_diagram.png>
Package pdftex.def Info: gambar/run_dpc_sequence_diagram.png  used on input lin
e 160.
(pdftex.def)             Requested size: 625.96056pt x 406.87737pt.
File: gambar/logo_unj_tanpa_text.png Graphic file (type png)
<use gambar/logo_unj_tanpa_text.png>
Package pdftex.def Info: gambar/logo_unj_tanpa_text.png  used on input line 164
.
(pdftex.def)             Requested size: 478.00812pt x 491.44926pt.

[64]
Overfull \vbox (24.49992pt too high) has occurred while \output is active []

File: gambar/logo_unj_tanpa_text.png Graphic file (type png)
<use gambar/logo_unj_tanpa_text.png>
Package pdftex.def Info: gambar/logo_unj_tanpa_text.png  used on input line 164
.
(pdftex.def)             Requested size: 478.00812pt x 491.44926pt.

[65 <./gambar/run_dpc_sequence_diagram.png (PNG copy)>]
<gambar/dpc_executor_sequence_diagram.png, id=1268, 2489.3pt x 1311.90125pt>
File: gambar/dpc_executor_sequence_diagram.png Graphic file (type png)
<use gambar/dpc_executor_sequence_diagram.png>
Package pdftex.def Info: gambar/dpc_executor_sequence_diagram.png  used on inpu
t line 167.
(pdftex.def)             Requested size: 625.96991pt x 406.86534pt.

Overfull \vbox (24.50928pt too high) has occurred while \output is active []

File: gambar/logo_unj_tanpa_text.png Graphic file (type png)
<use gambar/logo_unj_tanpa_text.png>
Package pdftex.def Info: gambar/logo_unj_tanpa_text.png  used on input line 171
.
(pdftex.def)             Requested size: 478.00812pt x 491.44926pt.

[66 <./gambar/dpc_executor_sequence_diagram.png (PNG copy)>]
<gambar/a_helper_class_diagram.png, id=1275, 503.8825pt x 291.0875pt>
File: gambar/a_helper_class_diagram.png Graphic file (type png)
<use gambar/a_helper_class_diagram.png>
Package pdftex.def Info: gambar/a_helper_class_diagram.png  used on input line 
178.
(pdftex.def)             Requested size: 406.87448pt x 235.0467pt.
File: gambar/logo_unj_tanpa_text.png Graphic file (type png)
<use gambar/logo_unj_tanpa_text.png>
Package pdftex.def Info: gambar/logo_unj_tanpa_text.png  used on input line 183
.
(pdftex.def)             Requested size: 478.00812pt x 491.44926pt.
 [67 <./gambar/a_helper_class_diagram.png>]
<gambar/modified_dpc_executor_v2_class_diagram.png, id=1283, 522.95375pt x 315.
1775pt>
File: gambar/modified_dpc_executor_v2_class_diagram.png Graphic file (type png)

<use gambar/modified_dpc_executor_v2_class_diagram.png>
Package pdftex.def Info: gambar/modified_dpc_executor_v2_class_diagram.png  use
d on input line 186.
(pdftex.def)             Requested size: 406.87448pt x 245.22188pt.
<gambar/run_modified_dpc_v2_sequence_diagram.png, id=1285, 2164.085pt x 916.423
75pt>
File: gambar/run_modified_dpc_v2_sequence_diagram.png Graphic file (type png)
<use gambar/run_modified_dpc_v2_sequence_diagram.png>
Package pdftex.def Info: gambar/run_modified_dpc_v2_sequence_diagram.png  used 
on input line 194.
(pdftex.def)             Requested size: 625.95055pt x 406.8774pt.
File: gambar/logo_unj_tanpa_text.png Graphic file (type png)
<use gambar/logo_unj_tanpa_text.png>
Package pdftex.def Info: gambar/logo_unj_tanpa_text.png  used on input line 198
.
(pdftex.def)             Requested size: 478.00812pt x 491.44926pt.
 [68 <./gambar/modified_dpc_executor_v2_class_diagram.png>]
Overfull \vbox (24.48991pt too high) has occurred while \output is active []

File: gambar/logo_unj_tanpa_text.png Graphic file (type png)
<use gambar/logo_unj_tanpa_text.png>
Package pdftex.def Info: gambar/logo_unj_tanpa_text.png  used on input line 198
.
(pdftex.def)             Requested size: 478.00812pt x 491.44926pt.

[69 <./gambar/run_modified_dpc_v2_sequence_diagram.png (PNG copy)>]
<gambar/random_walker_executor_class_diagram.png, id=1296, 674.52pt x 275.0275p
t>
File: gambar/random_walker_executor_class_diagram.png Graphic file (type png)
<use gambar/random_walker_executor_class_diagram.png>
Package pdftex.def Info: gambar/random_walker_executor_class_diagram.png  used 
on input line 205.
(pdftex.def)             Requested size: 406.87448pt x 165.89905pt.
File: gambar/logo_unj_tanpa_text.png Graphic file (type png)
<use gambar/logo_unj_tanpa_text.png>
Package pdftex.def Info: gambar/logo_unj_tanpa_text.png  used on input line 210
.
(pdftex.def)             Requested size: 478.00812pt x 491.44926pt.
 [70 <./gambar/random_walker_executor_class_diagram.png>]
<gambar/nodes_helper_class_diagram.png, id=1302, 372.39125pt x 184.69pt>
File: gambar/nodes_helper_class_diagram.png Graphic file (type png)
<use gambar/nodes_helper_class_diagram.png>
Package pdftex.def Info: gambar/nodes_helper_class_diagram.png  used on input l
ine 213.
(pdftex.def)             Requested size: 223.7822pt x 110.98956pt.
<gambar/page_informations_helper_class_diagram.png, id=1303, 362.35374pt x 114.
4275pt>
File: gambar/page_informations_helper_class_diagram.png Graphic file (type png)

<use gambar/page_informations_helper_class_diagram.png>
Package pdftex.def Info: gambar/page_informations_helper_class_diagram.png  use
d on input line 219.
(pdftex.def)             Requested size: 223.7822pt x 70.66844pt.
<gambar/run_random_walker_sequence_diagram.png, id=1305, 1280.785pt x 532.99126
pt>
File: gambar/run_random_walker_sequence_diagram.png Graphic file (type png)
<use gambar/run_random_walker_sequence_diagram.png>
Package pdftex.def Info: gambar/run_random_walker_sequence_diagram.png  used on
 input line 227.
(pdftex.def)             Requested size: 625.96806pt x 406.88304pt.
File: gambar/logo_unj_tanpa_text.png Graphic file (type png)
<use gambar/logo_unj_tanpa_text.png>
Package pdftex.def Info: gambar/logo_unj_tanpa_text.png  used on input line 231
.
(pdftex.def)             Requested size: 478.00812pt x 491.44926pt.
 [71 <./gambar/nodes_helper_class_diagram.png> <./gambar/page_informations_help
er_class_diagram.png>]
Overfull \vbox (24.50743pt too high) has occurred while \output is active []

File: gambar/logo_unj_tanpa_text.png Graphic file (type png)
<use gambar/logo_unj_tanpa_text.png>
Package pdftex.def Info: gambar/logo_unj_tanpa_text.png  used on input line 231
.
(pdftex.def)             Requested size: 478.00812pt x 491.44926pt.

[72 <./gambar/run_random_walker_sequence_diagram.png (PNG copy)>]
File: gambar/logo_unj_tanpa_text.png Graphic file (type png)
<use gambar/logo_unj_tanpa_text.png>
Package pdftex.def Info: gambar/logo_unj_tanpa_text.png  used on input line 258
.
(pdftex.def)             Requested size: 478.00812pt x 491.44926pt.
 [73]
File: gambar/logo_unj_tanpa_text.png Graphic file (type png)
<use gambar/logo_unj_tanpa_text.png>
Package pdftex.def Info: gambar/logo_unj_tanpa_text.png  used on input line 279
.
(pdftex.def)             Requested size: 478.00812pt x 491.44926pt.
 [74]
File: gambar/logo_unj_tanpa_text.png Graphic file (type png)
<use gambar/logo_unj_tanpa_text.png>
Package pdftex.def Info: gambar/logo_unj_tanpa_text.png  used on input line 322
.
(pdftex.def)             Requested size: 478.00812pt x 491.44926pt.

[75]
File: gambar/logo_unj_tanpa_text.png Graphic file (type png)
<use gambar/logo_unj_tanpa_text.png>
Package pdftex.def Info: gambar/logo_unj_tanpa_text.png  used on input line 354
.
(pdftex.def)             Requested size: 478.00812pt x 491.44926pt.
 [76]
File: gambar/logo_unj_tanpa_text.png Graphic file (type png)
<use gambar/logo_unj_tanpa_text.png>
Package pdftex.def Info: gambar/logo_unj_tanpa_text.png  used on input line 401
.
(pdftex.def)             Requested size: 478.00812pt x 491.44926pt.
 [77]
File: gambar/logo_unj_tanpa_text.png Graphic file (type png)
<use gambar/logo_unj_tanpa_text.png>
Package pdftex.def Info: gambar/logo_unj_tanpa_text.png  used on input line 425
.
(pdftex.def)             Requested size: 478.00812pt x 491.44926pt.
 [78]
File: gambar/logo_unj_tanpa_text.png Graphic file (type png)
<use gambar/logo_unj_tanpa_text.png>
Package pdftex.def Info: gambar/logo_unj_tanpa_text.png  used on input line 453
.
(pdftex.def)             Requested size: 478.00812pt x 491.44926pt.
 [79]
File: gambar/logo_unj_tanpa_text.png Graphic file (type png)
<use gambar/logo_unj_tanpa_text.png>
Package pdftex.def Info: gambar/logo_unj_tanpa_text.png  used on input line 499
.
(pdftex.def)             Requested size: 478.00812pt x 491.44926pt.
 [80])
File: gambar/logo_unj_tanpa_text.png Graphic file (type png)
<use gambar/logo_unj_tanpa_text.png>
Package pdftex.def Info: gambar/logo_unj_tanpa_text.png  used on input line 180
.
(pdftex.def)             Requested size: 478.00812pt x 491.44926pt.
 [81]
File: gambar/logo_unj_tanpa_text.png Graphic file (type png)
<use gambar/logo_unj_tanpa_text.png>
Package pdftex.def Info: gambar/logo_unj_tanpa_text.png  used on input line 180
.
(pdftex.def)             Requested size: 478.00812pt x 491.44926pt.
 [82]
\openout2 = `bab5.aux'.

 (./bab5.tex
BAB V.
File: gambar/logo_unj_tanpa_text.png Graphic file (type png)
<use gambar/logo_unj_tanpa_text.png>
Package pdftex.def Info: gambar/logo_unj_tanpa_text.png  used on input line 21.

(pdftex.def)             Requested size: 478.00812pt x 491.44926pt.
[83




])
File: gambar/logo_unj_tanpa_text.png Graphic file (type png)
<use gambar/logo_unj_tanpa_text.png>
Package pdftex.def Info: gambar/logo_unj_tanpa_text.png  used on input line 181
.
(pdftex.def)             Requested size: 478.00812pt x 491.44926pt.
 [84] (./template-skripsi.bbl
File: gambar/logo_unj_tanpa_text.png Graphic file (type png)
<use gambar/logo_unj_tanpa_text.png>
Package pdftex.def Info: gambar/logo_unj_tanpa_text.png  used on input line 54.

(pdftex.def)             Requested size: 478.00812pt x 491.44926pt.
 [85



]
File: gambar/logo_unj_tanpa_text.png Graphic file (type png)
<use gambar/logo_unj_tanpa_text.png>
Package pdftex.def Info: gambar/logo_unj_tanpa_text.png  used on input line 108
.
(pdftex.def)             Requested size: 478.00812pt x 491.44926pt.
 [86])
File: gambar/logo_unj_tanpa_text.png Graphic file (type png)
<use gambar/logo_unj_tanpa_text.png>
Package pdftex.def Info: gambar/logo_unj_tanpa_text.png  used on input line 203
.
(pdftex.def)             Requested size: 478.00812pt x 491.44926pt.
 [87]
\openout2 = `lampiran.aux'.

 (./lampiran.tex
(/usr/local/texlive/2022/texmf-dist/tex/latex/listings/lstlang1.sty
File: lstlang1.sty 2020/03/24 1.8d listings language file
)
Package hyperref Info: bookmark level for unknown lstlisting defaults to 0 on i
nput line 8.

(./kodingan/data/db.py
File: gambar/logo_unj_tanpa_text.png Graphic file (type png)
<use gambar/logo_unj_tanpa_text.png>
Package pdftex.def Info: gambar/logo_unj_tanpa_text.png  used on input line 45.

(pdftex.def)             Requested size: 478.00812pt x 491.44926pt.
 [88


]) (./kodingan/data/page_information_repository.py
File: gambar/logo_unj_tanpa_text.png Graphic file (type png)
<use gambar/logo_unj_tanpa_text.png>
Package pdftex.def Info: gambar/logo_unj_tanpa_text.png  used on input line 45.

(pdftex.def)             Requested size: 478.00812pt x 491.44926pt.

[89]
File: gambar/logo_unj_tanpa_text.png Graphic file (type png)
<use gambar/logo_unj_tanpa_text.png>
Package pdftex.def Info: gambar/logo_unj_tanpa_text.png  used on input line 86.

(pdftex.def)             Requested size: 478.00812pt x 491.44926pt.
 [90]) (./kodingan/cache/__init__.py
File: gambar/logo_unj_tanpa_text.png Graphic file (type png)
<use gambar/logo_unj_tanpa_text.png>
Package pdftex.def Info: gambar/logo_unj_tanpa_text.png  used on input line 19.

(pdftex.def)             Requested size: 478.00812pt x 491.44926pt.
 [91]
File: gambar/logo_unj_tanpa_text.png Graphic file (type png)
<use gambar/logo_unj_tanpa_text.png>
Package pdftex.def Info: gambar/logo_unj_tanpa_text.png  used on input line 70.

(pdftex.def)             Requested size: 478.00812pt x 491.44926pt.
 [92]
File: gambar/logo_unj_tanpa_text.png Graphic file (type png)
<use gambar/logo_unj_tanpa_text.png>
Package pdftex.def Info: gambar/logo_unj_tanpa_text.png  used on input line 122
.
(pdftex.def)             Requested size: 478.00812pt x 491.44926pt.
 [93]
File: gambar/logo_unj_tanpa_text.png Graphic file (type png)
<use gambar/logo_unj_tanpa_text.png>
Package pdftex.def Info: gambar/logo_unj_tanpa_text.png  used on input line 172
.
(pdftex.def)             Requested size: 478.00812pt x 491.44926pt.
 [94]
File: gambar/logo_unj_tanpa_text.png Graphic file (type png)
<use gambar/logo_unj_tanpa_text.png>
Package pdftex.def Info: gambar/logo_unj_tanpa_text.png  used on input line 224
.
(pdftex.def)             Requested size: 478.00812pt x 491.44926pt.
 [95])
(./kodingan/model/__init__.py
File: gambar/logo_unj_tanpa_text.png Graphic file (type png)
<use gambar/logo_unj_tanpa_text.png>
Package pdftex.def Info: gambar/logo_unj_tanpa_text.png  used on input line 20.

(pdftex.def)             Requested size: 478.00812pt x 491.44926pt.
 [96]
File: gambar/logo_unj_tanpa_text.png Graphic file (type png)
<use gambar/logo_unj_tanpa_text.png>
Package pdftex.def Info: gambar/logo_unj_tanpa_text.png  used on input line 67.

(pdftex.def)             Requested size: 478.00812pt x 491.44926pt.
 [97]) (./kodingan/shared_helpers/__init__.py
File: gambar/logo_unj_tanpa_text.png Graphic file (type png)
<use gambar/logo_unj_tanpa_text.png>
Package pdftex.def Info: gambar/logo_unj_tanpa_text.png  used on input line 25.

(pdftex.def)             Requested size: 478.00812pt x 491.44926pt.
[98]
File: gambar/logo_unj_tanpa_text.png Graphic file (type png)
<use gambar/logo_unj_tanpa_text.png>
Package pdftex.def Info: gambar/logo_unj_tanpa_text.png  used on input line 68.

(pdftex.def)             Requested size: 478.00812pt x 491.44926pt.
 [99]
File: gambar/logo_unj_tanpa_text.png Graphic file (type png)
<use gambar/logo_unj_tanpa_text.png>
Package pdftex.def Info: gambar/logo_unj_tanpa_text.png  used on input line 117
.
(pdftex.def)             Requested size: 478.00812pt x 491.44926pt.
 [100]) (./kodingan/shared_helpers/p_helper.py
File: gambar/logo_unj_tanpa_text.png Graphic file (type png)
<use gambar/logo_unj_tanpa_text.png>
Package pdftex.def Info: gambar/logo_unj_tanpa_text.png  used on input line 34.

(pdftex.def)             Requested size: 478.00812pt x 491.44926pt.
 [101]
File: gambar/logo_unj_tanpa_text.png Graphic file (type png)
<use gambar/logo_unj_tanpa_text.png>
Package pdftex.def Info: gambar/logo_unj_tanpa_text.png  used on input line 81.

(pdftex.def)             Requested size: 478.00812pt x 491.44926pt.
 [102])
(./kodingan/run_original_pagerank_dpc_paper_version.py
File: gambar/logo_unj_tanpa_text.png Graphic file (type png)
<use gambar/logo_unj_tanpa_text.png>
Package pdftex.def Info: gambar/logo_unj_tanpa_text.png  used on input line 15.

(pdftex.def)             Requested size: 478.00812pt x 491.44926pt.
 [103])
(./kodingan/methods/original_pagerank_dpc_paper_version/pagerank.py
File: gambar/logo_unj_tanpa_text.png Graphic file (type png)
<use gambar/logo_unj_tanpa_text.png>
Package pdftex.def Info: gambar/logo_unj_tanpa_text.png  used on input line 16.

(pdftex.def)             Requested size: 478.00812pt x 491.44926pt.
 [104])
(./kodingan/methods/dpc/cluster_separated_phi_helper.py
File: gambar/logo_unj_tanpa_text.png Graphic file (type png)
<use gambar/logo_unj_tanpa_text.png>
Package pdftex.def Info: gambar/logo_unj_tanpa_text.png  used on input line 24.

(pdftex.def)             Requested size: 478.00812pt x 491.44926pt.
 [105]
File: gambar/logo_unj_tanpa_text.png Graphic file (type png)
<use gambar/logo_unj_tanpa_text.png>
Package pdftex.def Info: gambar/logo_unj_tanpa_text.png  used on input line 66.

(pdftex.def)             Requested size: 478.00812pt x 491.44926pt.
 [106]
File: gambar/logo_unj_tanpa_text.png Graphic file (type png)
<use gambar/logo_unj_tanpa_text.png>
Package pdftex.def Info: gambar/logo_unj_tanpa_text.png  used on input line 111
.
(pdftex.def)             Requested size: 478.00812pt x 491.44926pt.
 [107])
(./kodingan/methods/dpc/extended_local_transition_matrix_helper.py
File: gambar/logo_unj_tanpa_text.png Graphic file (type png)
<use gambar/logo_unj_tanpa_text.png>
Package pdftex.def Info: gambar/logo_unj_tanpa_text.png  used on input line 31.

(pdftex.def)             Requested size: 478.00812pt x 491.44926pt.
 [108])
(./kodingan/methods/dpc/p_with_cache_helper.py
File: gambar/logo_unj_tanpa_text.png Graphic file (type png)
<use gambar/logo_unj_tanpa_text.png>
Package pdftex.def Info: gambar/logo_unj_tanpa_text.png  used on input line 22.

(pdftex.def)             Requested size: 478.00812pt x 491.44926pt.
 [109]
File: gambar/logo_unj_tanpa_text.png Graphic file (type png)
<use gambar/logo_unj_tanpa_text.png>
Package pdftex.def Info: gambar/logo_unj_tanpa_text.png  used on input line 67.

(pdftex.def)             Requested size: 478.00812pt x 491.44926pt.
 [110])
(./kodingan/methods/dpc/partitioned_p_helper.py
File: gambar/logo_unj_tanpa_text.png Graphic file (type png)
<use gambar/logo_unj_tanpa_text.png>
Package pdftex.def Info: gambar/logo_unj_tanpa_text.png  used on input line 8.
(pdftex.def)             Requested size: 478.00812pt x 491.44926pt.
 [111]
File: gambar/logo_unj_tanpa_text.png Graphic file (type png)
<use gambar/logo_unj_tanpa_text.png>
Package pdftex.def Info: gambar/logo_unj_tanpa_text.png  used on input line 51.

(pdftex.def)             Requested size: 478.00812pt x 491.44926pt.
 [112])
(./kodingan/methods/dpc/pasti_helper.py
File: gambar/logo_unj_tanpa_text.png Graphic file (type png)
<use gambar/logo_unj_tanpa_text.png>
Package pdftex.def Info: gambar/logo_unj_tanpa_text.png  used on input line 30.

(pdftex.def)             Requested size: 478.00812pt x 491.44926pt.
 [113])
(./kodingan/methods/dpc/piast_helper.py
File: gambar/logo_unj_tanpa_text.png Graphic file (type png)
<use gambar/logo_unj_tanpa_text.png>
Package pdftex.def Info: gambar/logo_unj_tanpa_text.png  used on input line 36.

(pdftex.def)             Requested size: 478.00812pt x 491.44926pt.
 [114])
(./kodingan/methods/dpc/rp_helper.py)
File: gambar/logo_unj_tanpa_text.png Graphic file (type png)
<use gambar/logo_unj_tanpa_text.png>
Package pdftex.def Info: gambar/logo_unj_tanpa_text.png  used on input line 38.

(pdftex.def)             Requested size: 478.00812pt x 491.44926pt.
 [115] (./kodingan/methods/dpc/__init__.py
File: gambar/logo_unj_tanpa_text.png Graphic file (type png)
<use gambar/logo_unj_tanpa_text.png>
Package pdftex.def Info: gambar/logo_unj_tanpa_text.png  used on input line 47.

(pdftex.def)             Requested size: 478.00812pt x 491.44926pt.
[116]
File: gambar/logo_unj_tanpa_text.png Graphic file (type png)
<use gambar/logo_unj_tanpa_text.png>
Package pdftex.def Info: gambar/logo_unj_tanpa_text.png  used on input line 95.

(pdftex.def)             Requested size: 478.00812pt x 491.44926pt.
 [117]
File: gambar/logo_unj_tanpa_text.png Graphic file (type png)
<use gambar/logo_unj_tanpa_text.png>
Package pdftex.def Info: gambar/logo_unj_tanpa_text.png  used on input line 139
.
(pdftex.def)             Requested size: 478.00812pt x 491.44926pt.
 [118]) (./kodingan/methods/dpc/__init__.py
consecutive:
File: gambar/logo_unj_tanpa_text.png Graphic file (type png)
<use gambar/logo_unj_tanpa_text.png>
Package pdftex.def Info: gambar/logo_unj_tanpa_text.png  used on input line 178
.
(pdftex.def)             Requested size: 478.00812pt x 491.44926pt.
[119]
File: gambar/logo_unj_tanpa_text.png Graphic file (type png)
<use gambar/logo_unj_tanpa_text.png>
Package pdftex.def Info: gambar/logo_unj_tanpa_text.png  used on input line 223
.
(pdftex.def)             Requested size: 478.00812pt x 491.44926pt.
 [120]) (./kodingan/run_dpc.py
File: gambar/logo_unj_tanpa_text.png Graphic file (type png)
<use gambar/logo_unj_tanpa_text.png>
Package pdftex.def Info: gambar/logo_unj_tanpa_text.png  used on input line 21.

(pdftex.def)             Requested size: 478.00812pt x 491.44926pt.
 [121]
File: gambar/logo_unj_tanpa_text.png Graphic file (type png)
<use gambar/logo_unj_tanpa_text.png>
Package pdftex.def Info: gambar/logo_unj_tanpa_text.png  used on input line 63.

(pdftex.def)             Requested size: 478.00812pt x 491.44926pt.
 [122])
(./kodingan/methods/modified_dpc_v2/a_helper.py
File: gambar/logo_unj_tanpa_text.png Graphic file (type png)
<use gambar/logo_unj_tanpa_text.png>
Package pdftex.def Info: gambar/logo_unj_tanpa_text.png  used on input line 21.

(pdftex.def)             Requested size: 478.00812pt x 491.44926pt.
 [123])
File: gambar/logo_unj_tanpa_text.png Graphic file (type png)
<use gambar/logo_unj_tanpa_text.png>
Package pdftex.def Info: gambar/logo_unj_tanpa_text.png  used on input line 44.

(pdftex.def)             Requested size: 478.00812pt x 491.44926pt.
 [124]
(./kodingan/methods/modified_dpc_v2/__init__.py
File: gambar/logo_unj_tanpa_text.png Graphic file (type png)
<use gambar/logo_unj_tanpa_text.png>
Package pdftex.def Info: gambar/logo_unj_tanpa_text.png  used on input line 45.

(pdftex.def)             Requested size: 478.00812pt x 491.44926pt.
 [125]
File: gambar/logo_unj_tanpa_text.png Graphic file (type png)
<use gambar/logo_unj_tanpa_text.png>
Package pdftex.def Info: gambar/logo_unj_tanpa_text.png  used on input line 91.

(pdftex.def)             Requested size: 478.00812pt x 491.44926pt.
 [126]
File: gambar/logo_unj_tanpa_text.png Graphic file (type png)
<use gambar/logo_unj_tanpa_text.png>
Package pdftex.def Info: gambar/logo_unj_tanpa_text.png  used on input line 130
.
(pdftex.def)             Requested size: 478.00812pt x 491.44926pt.
 [127])
(./kodingan/run_modified_dpc_v2.py
File: gambar/logo_unj_tanpa_text.png Graphic file (type png)
<use gambar/logo_unj_tanpa_text.png>
Package pdftex.def Info: gambar/logo_unj_tanpa_text.png  used on input line 35.

(pdftex.def)             Requested size: 478.00812pt x 491.44926pt.
 [128]) (./kodingan/run_random_walker.py
File: gambar/logo_unj_tanpa_text.png Graphic file (type png)
<use gambar/logo_unj_tanpa_text.png>
Package pdftex.def Info: gambar/logo_unj_tanpa_text.png  used on input line 16.

(pdftex.def)             Requested size: 478.00812pt x 491.44926pt.

[129]) (./kodingan/methods/random_walker/__init__.py
File: gambar/logo_unj_tanpa_text.png Graphic file (type png)
<use gambar/logo_unj_tanpa_text.png>
Package pdftex.def Info: gambar/logo_unj_tanpa_text.png  used on input line 30.

(pdftex.def)             Requested size: 478.00812pt x 491.44926pt.
 [130]
File: gambar/logo_unj_tanpa_text.png Graphic file (type png)
<use gambar/logo_unj_tanpa_text.png>
Package pdftex.def Info: gambar/logo_unj_tanpa_text.png  used on input line 72.

(pdftex.def)             Requested size: 478.00812pt x 491.44926pt.
 [131])
(./kodingan/methods/random_walker/helpers/nodes_helper.py
File: gambar/logo_unj_tanpa_text.png Graphic file (type png)
<use gambar/logo_unj_tanpa_text.png>
Package pdftex.def Info: gambar/logo_unj_tanpa_text.png  used on input line 13.

(pdftex.def)             Requested size: 478.00812pt x 491.44926pt.
 [132])
File: gambar/logo_unj_tanpa_text.png Graphic file (type png)
<use gambar/logo_unj_tanpa_text.png>
Package pdftex.def Info: gambar/logo_unj_tanpa_text.png  used on input line 56.

(pdftex.def)             Requested size: 478.00812pt x 491.44926pt.
 [133]
(./kodingan/methods/random_walker/helpers/page_informations_helper.py
File: gambar/logo_unj_tanpa_text.png Graphic file (type png)
<use gambar/logo_unj_tanpa_text.png>
Package pdftex.def Info: gambar/logo_unj_tanpa_text.png  used on input line 41.

(pdftex.def)             Requested size: 478.00812pt x 491.44926pt.
 [134]))
File: gambar/logo_unj_tanpa_text.png Graphic file (type png)
<use gambar/logo_unj_tanpa_text.png>
Package pdftex.def Info: gambar/logo_unj_tanpa_text.png  used on input line 203
.
(pdftex.def)             Requested size: 478.00812pt x 491.44926pt.

[135]
\openout2 = `daftar-riwayat-hidup.aux'.

 (./daftar-riwayat-hidup.tex
<gambar/farhan.jpeg, id=3677, 610.28pt x 610.28pt>
File: gambar/farhan.jpeg Graphic file (type jpg)
<use gambar/farhan.jpeg>
Package pdftex.def Info: gambar/farhan.jpeg  used on input line 6.
(pdftex.def)             Requested size: 90.33678pt x 120.44284pt.
)
File: gambar/logo_unj_tanpa_text.png Graphic file (type png)
<use gambar/logo_unj_tanpa_text.png>
Package pdftex.def Info: gambar/logo_unj_tanpa_text.png  used on input line 204
.
(pdftex.def)             Requested size: 478.00812pt x 491.44926pt.
 [136




 <./gambar/farhan.jpeg>]
(./template-skripsi.aux (./halaman-persembahan.aux) (./kata-pengantar.aux)
(./abstrak.aux) (./abstract.aux) (./bab1.aux) (./bab2.aux) (./bab3.aux)
(./bab4.aux) (./bab5.aux) (./lampiran.aux) (./daftar-riwayat-hidup.aux))

LaTeX Warning: There were multiply-defined labels.

Package rerunfilecheck Info: File `template-skripsi.out' has not changed.
(rerunfilecheck)             Checksum: 022219789E54D0162197711FC1F958B3;7406.
 ) 
Here is how much of TeX's memory you used:
 31496 strings out of 478268
 583990 string characters out of 5846347
 1296230 words of memory out of 5000000
 46566 multiletter control sequences out of 15000+600000
 521253 words of font info for 84 fonts, out of 8000000 for 9000
 1141 hyphenation exceptions out of 8191
 86i,22n,85p,2638b,2596s stack positions out of 10000i,1000n,20000p,200000b,200000s
{/usr/local/texlive/2022/texmf-dist/fonts/enc/dvips/base/8r.enc}</usr/local/t
exlive/2022/texmf-dist/fonts/type1/public/amsfonts/cm/cmex10.pfb></usr/local/te
xlive/2022/texmf-dist/fonts/type1/public/amsfonts/cmextra/cmex7.pfb></usr/local
/texlive/2022/texmf-dist/fonts/type1/public/amsfonts/cmextra/cmex8.pfb></usr/lo
cal/texlive/2022/texmf-dist/fonts/type1/public/amsfonts/cm/cmmi10.pfb></usr/loc
al/texlive/2022/texmf-dist/fonts/type1/public/amsfonts/cm/cmmi12.pfb></usr/loca
l/texlive/2022/texmf-dist/fonts/type1/public/amsfonts/cm/cmmi6.pfb></usr/local/
texlive/2022/texmf-dist/fonts/type1/public/amsfonts/cm/cmmi8.pfb></usr/local/te
xlive/2022/texmf-dist/fonts/type1/public/amsfonts/cm/cmr10.pfb></usr/local/texl
ive/2022/texmf-dist/fonts/type1/public/amsfonts/cm/cmr12.pfb></usr/local/texliv
e/2022/texmf-dist/fonts/type1/public/amsfonts/cm/cmr6.pfb></usr/local/texlive/2
022/texmf-dist/fonts/type1/public/amsfonts/cm/cmr7.pfb></usr/local/texlive/2022
/texmf-dist/fonts/type1/public/amsfonts/cm/cmr8.pfb></usr/local/texlive/2022/te
xmf-dist/fonts/type1/public/amsfonts/cm/cmsy10.pfb></usr/local/texlive/2022/tex
mf-dist/fonts/type1/public/amsfonts/cm/cmsy6.pfb></usr/local/texlive/2022/texmf
-dist/fonts/type1/public/amsfonts/cm/cmsy8.pfb></usr/local/texlive/2022/texmf-d
ist/fonts/type1/urw/times/utmb8a.pfb></usr/local/texlive/2022/texmf-dist/fonts/
type1/urw/times/utmbi8a.pfb></usr/local/texlive/2022/texmf-dist/fonts/type1/urw
/times/utmr8a.pfb></usr/local/texlive/2022/texmf-dist/fonts/type1/urw/times/utm
ri8a.pfb>
Output written on template-skripsi.pdf (148 pages, 2702102 bytes).
PDF statistics:
 4276 PDF objects out of 4296 (max. 8388607)
 3947 compressed objects within 40 object streams
 2432 named destinations out of 2487 (max. 500000)
 631 words of extra memory for PDF output out of 10000 (max. 10000000)

